#
# There is insufficient memory for the Java Runtime Environment to continue.
# Native memory allocation (malloc) failed to allocate 1048576 bytes. Error detail: AllocateHeap
# Possible reasons:
#   The system is out of physical RAM or swap space
#   This process is running with CompressedOops enabled, and the Java Heap may be blocking the growth of the native heap
# Possible solutions:
#   Reduce memory load on the system
#   Increase physical memory or swap space
#   Check if swap backing store is full
#   Decrease Java heap size (-Xmx/-Xms)
#   Decrease number of Java threads
#   Decrease Java thread stack sizes (-Xss)
#   Set larger code cache with -XX:ReservedCodeCacheSize=
#   JVM is running with Unscaled Compressed Oops mode in which the Java heap is
#     placed in the first 4GB address space. The Java Heap base address is the
#     maximum limit for the native heap growth. Please use -XX:HeapBaseMinAddress
#     to set the Java Heap base and to place the Java Heap above 4GB virtual address.
# This output file may be truncated or incomplete.
#
#  Out of Memory Error (allocation.cpp:44), pid=2968, tid=18308
#
# JRE version: OpenJDK Runtime Environment Temurin-21.0.10+7 (21.0.10+7) (build 21.0.10+7-LTS)
# Java VM: OpenJDK 64-Bit Server VM Temurin-21.0.10+7 (21.0.10+7-LTS, mixed mode, sharing, tiered, compressed oops, compressed class ptrs, parallel gc, windows-amd64)
# No core dump will be written. Minidumps are not enabled by default on client versions of Windows
#

---------------  S U M M A R Y ------------

Command Line: --add-modules=ALL-SYSTEM --add-opens=java.base/java.util=ALL-UNNAMED --add-opens=java.base/java.lang=ALL-UNNAMED --add-opens=java.base/sun.nio.fs=ALL-UNNAMED -Declipse.application=org.eclipse.jdt.ls.core.id1 -Dosgi.bundles.defaultStartLevel=4 -Declipse.product=org.eclipse.jdt.ls.core.product -Djava.import.generatesMetadataFilesAtProjectRoot=false -DDetectVMInstallationsJob.disabled=true -Dfile.encoding=utf8 -XX:+UseParallelGC -XX:GCTimeRatio=4 -XX:AdaptiveSizePolicyWeight=90 -Dsun.zip.disableMemoryMapping=true -Xmx2G -Xms100m -Xlog:disable -javaagent:c:\Users\User\.vscode\extensions\redhat.java-1.54.0-win32-x64\lombok\lombok-1.18.39-4050.jar -XX:+HeapDumpOnOutOfMemoryError -XX:HeapDumpPath=c:\Users\User\AppData\Roaming\Code\User\workspaceStorage\adf884907a3f265539c2f971d354893b\redhat.java -Daether.dependencyCollector.impl=bf c:\Users\User\.vscode\extensions\redhat.java-1.54.0-win32-x64\server\plugins\org.eclipse.equinox.launcher_1.7.100.v20251111-0406.jar -configuration c:\Users\User\AppData\Roaming\Code\User\globalStorage\redhat.java\1.54.0\config_win -data c:\Users\User\AppData\Roaming\Code\User\workspaceStorage\adf884907a3f265539c2f971d354893b\redhat.java\jdt_ws --pipe=\\.\pipe\lsp-bfe8552258e3b49cb3042564f90df780-sock

Host: Intel(R) Core(TM) i3-7100U CPU @ 2.40GHz, 4 cores, 3G,  Windows 10 , 64 bit Build 19041 (10.0.19041.5915)
Time: Thu Jun  4 19:15:30 2026 Sri Lanka Standard Time elapsed time: 998.854143 seconds (0d 0h 16m 38s)

---------------  T H R E A D  ---------------

Current thread (0x0000020446823ae0):  JavaThread "Attach Listener" daemon [_thread_in_vm, id=18308, stack(0x000000107a800000,0x000000107a900000) (1024K)]

Stack: [0x000000107a800000,0x000000107a900000]
Native frames: (J=compiled Java code, j=interpreted, Vv=VM code, C=native code)
V  [jvm.dll+0x6d7a39]
V  [jvm.dll+0x8b4b26]
V  [jvm.dll+0x8b70de]
V  [jvm.dll+0x8b77c3]
V  [jvm.dll+0x284346]
V  [jvm.dll+0xc1277]
V  [jvm.dll+0x6d82e9]
V  [jvm.dll+0x1334a6]
V  [jvm.dll+0x3f857e]
V  [jvm.dll+0x85f59d]
V  [jvm.dll+0x6d626d]
C  [ucrtbase.dll+0x21bb2]
C  [KERNEL32.DLL+0x17374]
C  [ntdll.dll+0x4cc91]


---------------  P R O C E S S  ---------------

Threads class SMR info:
_java_thread_list=0x000002048f8233d0, length=34, elements={
0x000002042dbbe080, 0x000002044681b820, 0x000002044681d030, 0x0000020446820cb0,
0x0000020446823ae0, 0x00000204468256b0, 0x0000020446826110, 0x0000020446826f50,
0x0000020446895040, 0x0000020488672d60, 0x00000204888f4d10, 0x000002048d655d50,
0x000002048d6535f0, 0x000002048d653c80, 0x000002048d654310, 0x000002048d6549a0,
0x000002048d6563e0, 0x000002048d655030, 0x000002048dcfa3e0, 0x000002048dcfc4b0,
0x000002048dcf89a0, 0x000002048dcf9d50, 0x000002048dcfb790, 0x000002048dcfdef0,
0x000002048dcfbe20, 0x000002048dcfcb40, 0x000002048dcfd860, 0x000002048dcf6f60,
0x000002048dcfe580, 0x000002048fed3440, 0x000002048fed1a00, 0x000002048fed2090,
0x000002048fecec10, 0x000002048fed2720
}

Java Threads: ( => current thread )
  0x000002042dbbe080 JavaThread "main"                              [_thread_blocked, id=1952, stack(0x000000107a100000,0x000000107a200000) (1024K)]
  0x000002044681b820 JavaThread "Reference Handler"          daemon [_thread_blocked, id=19260, stack(0x000000107a500000,0x000000107a600000) (1024K)]
  0x000002044681d030 JavaThread "Finalizer"                  daemon [_thread_blocked, id=16296, stack(0x000000107a600000,0x000000107a700000) (1024K)]
  0x0000020446820cb0 JavaThread "Signal Dispatcher"          daemon [_thread_blocked, id=18628, stack(0x000000107a700000,0x000000107a800000) (1024K)]
=>0x0000020446823ae0 JavaThread "Attach Listener"            daemon [_thread_in_vm, id=18308, stack(0x000000107a800000,0x000000107a900000) (1024K)]
  0x00000204468256b0 JavaThread "Service Thread"             daemon [_thread_blocked, id=7420, stack(0x000000107a900000,0x000000107aa00000) (1024K)]
  0x0000020446826110 JavaThread "Monitor Deflation Thread"   daemon [_thread_blocked, id=17840, stack(0x000000107aa00000,0x000000107ab00000) (1024K)]
  0x0000020446826f50 JavaThread "C2 CompilerThread0"         daemon [_thread_blocked, id=4172, stack(0x000000107ab00000,0x000000107ac00000) (1024K)]
  0x0000020446895040 JavaThread "C1 CompilerThread0"         daemon [_thread_blocked, id=14908, stack(0x000000107ac00000,0x000000107ad00000) (1024K)]
  0x0000020488672d60 JavaThread "Common-Cleaner"             daemon [_thread_blocked, id=15388, stack(0x000000107ad00000,0x000000107ae00000) (1024K)]
  0x00000204888f4d10 JavaThread "Notification Thread"        daemon [_thread_blocked, id=11440, stack(0x000000107af00000,0x000000107b000000) (1024K)]
  0x000002048d655d50 JavaThread "Active Thread: Equinox Container: 28edc4fc-4582-4611-8957-e4a9b9a2f555"        [_thread_blocked, id=20004, stack(0x000000107b200000,0x000000107b300000) (1024K)]
  0x000002048d6535f0 JavaThread "Refresh Thread: Equinox Container: 28edc4fc-4582-4611-8957-e4a9b9a2f555" daemon [_thread_blocked, id=18288, stack(0x000000107b300000,0x000000107b400000) (1024K)]
  0x000002048d653c80 JavaThread "Framework Event Dispatcher: Equinox Container: 28edc4fc-4582-4611-8957-e4a9b9a2f555" daemon [_thread_blocked, id=6052, stack(0x000000107b400000,0x000000107b500000) (1024K)]
  0x000002048d654310 JavaThread "Start Level: Equinox Container: 28edc4fc-4582-4611-8957-e4a9b9a2f555" daemon [_thread_blocked, id=17692, stack(0x000000107b500000,0x000000107b600000) (1024K)]
  0x000002048d6549a0 JavaThread "Bundle File Closer"         daemon [_thread_blocked, id=15536, stack(0x000000107b700000,0x000000107b800000) (1024K)]
  0x000002048d6563e0 JavaThread "SCR Component Actor"        daemon [_thread_blocked, id=16168, stack(0x000000107b600000,0x000000107b700000) (1024K)]
  0x000002048d655030 JavaThread "Worker-JM"                         [_thread_blocked, id=8576, stack(0x000000107b800000,0x000000107b900000) (1024K)]
  0x000002048dcfa3e0 JavaThread "JNA Cleaner"                daemon [_thread_blocked, id=5084, stack(0x000000107b900000,0x000000107ba00000) (1024K)]
  0x000002048dcfc4b0 JavaThread "Java indexing"              daemon [_thread_blocked, id=17632, stack(0x000000107bd00000,0x000000107be00000) (1024K)]
  0x000002048dcf89a0 JavaThread "Worker-5"                          [_thread_blocked, id=18740, stack(0x000000107c300000,0x000000107c400000) (1024K)]
  0x000002048dcf9d50 JavaThread "Thread-1"                   daemon [_thread_in_native, id=11392, stack(0x000000107c400000,0x000000107c500000) (1024K)]
  0x000002048dcfb790 JavaThread "Thread-2"                   daemon [_thread_in_native, id=17572, stack(0x000000107c500000,0x000000107c600000) (1024K)]
  0x000002048dcfdef0 JavaThread "Thread-3"                   daemon [_thread_in_native, id=18876, stack(0x000000107c600000,0x000000107c700000) (1024K)]
  0x000002048dcfbe20 JavaThread "Thread-4"                   daemon [_thread_in_native, id=19816, stack(0x000000107c700000,0x000000107c800000) (1024K)]
  0x000002048dcfcb40 JavaThread "Thread-5"                   daemon [_thread_in_native, id=15336, stack(0x000000107c800000,0x000000107c900000) (1024K)]
  0x000002048dcfd860 JavaThread "pool-2-thread-1"                   [_thread_blocked, id=1316, stack(0x000000107c900000,0x000000107ca00000) (1024K)]
  0x000002048dcf6f60 JavaThread "WorkspaceEventsHandler"            [_thread_blocked, id=9472, stack(0x000000107ca00000,0x000000107cb00000) (1024K)]
  0x000002048dcfe580 JavaThread "pool-1-thread-1"                   [_thread_blocked, id=17352, stack(0x000000107cb00000,0x000000107cc00000) (1024K)]
  0x000002048fed3440 JavaThread "Cleaner-0"                  daemon [_thread_blocked, id=16412, stack(0x000000107d700000,0x000000107d800000) (1024K)]
  0x000002048fed1a00 JavaThread "Worker-6"                          [_thread_blocked, id=19004, stack(0x0000001079f00000,0x000000107a000000) (1024K)]
  0x000002048fed2090 JavaThread "ForkJoinPool.commonPool-worker-4" daemon [_thread_blocked, id=19764, stack(0x000000107a000000,0x000000107a100000) (1024K)]
  0x000002048fecec10 JavaThread "ForkJoinPool.commonPool-worker-5" daemon [_thread_blocked, id=17424, stack(0x000000107ba00000,0x000000107bb00000) (1024K)]
  0x000002048fed2720 JavaThread "ForkJoinPool.commonPool-worker-6" daemon [_thread_blocked, id=7376, stack(0x000000107bb00000,0x000000107bc00000) (1024K)]
Total: 34

Other Threads:
  0x000002042feedb60 VMThread "VM Thread"                           [id=3412, stack(0x000000107a400000,0x000000107a500000) (1024K)]
  0x000002042fe99d10 WatcherThread "VM Periodic Task Thread"        [id=13116, stack(0x000000107a300000,0x000000107a400000) (1024K)]
  0x000002042fe4e8a0 WorkerThread "GC Thread#0"                     [id=8444, stack(0x000000107a200000,0x000000107a300000) (1024K)]
  0x000002048d219550 WorkerThread "GC Thread#1"                     [id=14860, stack(0x000000107ae00000,0x000000107af00000) (1024K)]
  0x000002048d116960 WorkerThread "GC Thread#2"                     [id=14344, stack(0x000000107b000000,0x000000107b100000) (1024K)]
  0x000002048d116d10 WorkerThread "GC Thread#3"                     [id=17100, stack(0x000000107b100000,0x000000107b200000) (1024K)]
Total: 6

Threads with active compile tasks:
Total: 0

VM state: not at safepoint (normal execution)

VM Mutex/Monitor currently owned by a thread: None

Heap address: 0x0000000080000000, size: 2048 MB, Compressed Oops mode: 32-bit

CDS archive(s) mapped at: [0x0000020447000000-0x0000020447ba0000-0x0000020447ba0000), size 12189696, SharedBaseAddress: 0x0000020447000000, ArchiveRelocationMode: 1.
Compressed class space mapped at: 0x0000020448000000-0x0000020488000000, reserved size: 1073741824
Narrow klass base: 0x0000020447000000, Narrow klass shift: 0, Narrow klass range: 0x100000000

GC Precious Log:
 CardTable entry size: 512
 CPUs: 4 total, 4 available
 Memory: 3962M
 Large Page Support: Disabled
 NUMA Support: Disabled
 Compressed Oops: Enabled (32-bit)
 Alignments: Space 512K, Generation 512K, Heap 2M
 Heap Min Capacity: 100M
 Heap Initial Capacity: 100M
 Heap Max Capacity: 2G
 Pre-touch: Disabled
 Parallel Workers: 4

Heap:
 PSYoungGen      total 9728K, used 7426K [0x00000000d5580000, 0x00000000d6080000, 0x0000000100000000)
  eden space 8704K, 77% used [0x00000000d5580000,0x00000000d5c19fa8,0x00000000d5e00000)
  from space 1024K, 65% used [0x00000000d5f80000,0x00000000d6026900,0x00000000d6080000)
  to   space 1024K, 0% used [0x00000000d5e00000,0x00000000d5e00000,0x00000000d5f00000)
 ParOldGen       total 91648K, used 91402K [0x0000000080000000, 0x0000000085980000, 0x00000000d5580000)
  object space 91648K, 99% used [0x0000000080000000,0x0000000085942938,0x0000000085980000)
 Metaspace       used 69677K, committed 71232K, reserved 1114112K
  class space    used 7241K, committed 7936K, reserved 1048576K

Card table byte_map: [0x000002042f800000,0x000002042fc10000] _byte_map_base: 0x000002042f400000

Marking Bits: (ParMarkBitMap*) 0x00007ffca9aa3450
 Begin Bits: [0x00000204422e0000, 0x00000204442e0000)
 End Bits:   [0x00000204442e0000, 0x00000204462e0000)

Polling page: 0x000002042f5f0000

Metaspace:

Usage:
  Non-class:     60.97 MB used.
      Class:      7.07 MB used.
       Both:     68.04 MB used.

Virtual space:
  Non-class space:       64.00 MB reserved,      61.81 MB ( 97%) committed,  1 nodes.
      Class space:        1.00 GB reserved,       7.75 MB ( <1%) committed,  1 nodes.
             Both:        1.06 GB reserved,      69.56 MB (  6%) committed. 

Chunk freelists:
   Non-Class:  1.95 MB
       Class:  8.09 MB
        Both:  10.04 MB

MaxMetaspaceSize: unlimited
CompressedClassSpaceSize: 1.00 GB
Initial GC threshold: 21.00 MB
Current GC threshold: 97.31 MB
CDS: on
 - commit_granule_bytes: 65536.
 - commit_granule_words: 8192.
 - virtual_space_node_default_size: 8388608.
 - enlarge_chunks_in_place: 1.
 - use_allocation_guard: 0.


Internal statistics:

num_allocs_failed_limit: 9.
num_arena_births: 1242.
num_arena_deaths: 16.
num_vsnodes_births: 2.
num_vsnodes_deaths: 0.
num_space_committed: 1113.
num_space_uncommitted: 0.
num_chunks_returned_to_freelist: 26.
num_chunks_taken_from_freelist: 4558.
num_chunk_merges: 7.
num_chunk_splits: 2805.
num_chunks_enlarged: 1575.
num_inconsistent_stats: 0.

CodeHeap 'non-profiled nmethods': size=120000Kb used=7182Kb max_used=7182Kb free=112817Kb
 bounds [0x000002043ab00000, 0x000002043b210000, 0x0000020442030000]
CodeHeap 'profiled nmethods': size=120000Kb used=25413Kb max_used=25413Kb free=94586Kb
 bounds [0x0000020433030000, 0x0000020434910000, 0x000002043a560000]
CodeHeap 'non-nmethods': size=5760Kb used=1455Kb max_used=1536Kb free=4304Kb
 bounds [0x000002043a560000, 0x000002043a7d0000, 0x000002043ab00000]
CodeCache: size=245760Kb, used=34050Kb, max_used=34131Kb, free=211707Kb
 total_blobs=12113, nmethods=11332, adapters=686, full_count=0
Compilation: enabled, stopped_count=0, restarted_count=0

Compilation events (20 events):
Event: 966.558 Thread 0x0000020446826f50 12181       4       java.nio.ByteBuffer::array (35 bytes)
Event: 966.637 Thread 0x0000020446826f50 nmethod 12181 0x000002043b201290 code [0x000002043b201420, 0x000002043b2014e8]
Event: 967.340 Thread 0x0000020446895040 12182       3       org.eclipse.core.internal.resources.AliasManager::findResources (34 bytes)
Event: 967.360 Thread 0x0000020446895040 nmethod 12182 0x00000204348fca90 code [0x00000204348fcce0, 0x00000204348fd738]
Event: 967.360 Thread 0x0000020446895040 12183       3       org.eclipse.core.internal.resources.AliasManager$$Lambda/0x00000204486f67e8::<init> (10 bytes)
Event: 967.360 Thread 0x0000020446895040 nmethod 12183 0x00000204348fda90 code [0x00000204348fdc40, 0x00000204348fddc8]
Event: 967.361 Thread 0x0000020446895040 12184       3       org.eclipse.core.internal.resources.AliasManager$LocationMap::matchingResourcesDo (87 bytes)
Event: 967.374 Thread 0x0000020446895040 nmethod 12184 0x00000204348fde90 code [0x00000204348fe100, 0x00000204348fee28]
Event: 967.375 Thread 0x0000020446895040 12185       3       org.eclipse.core.internal.filesystem.local.LocalFile::getParent (25 bytes)
Event: 967.418 Thread 0x0000020446895040 nmethod 12185 0x00000204348ff090 code [0x00000204348ff280, 0x00000204348ff6f8]
Event: 967.580 Thread 0x0000020446826f50 12186 %s    4       java.util.Hashtable::putAll @ 12 (52 bytes)
Event: 967.593 Thread 0x0000020446895040 12187       3       java.util.Hashtable::entrySet (28 bytes)
Event: 967.596 Thread 0x0000020446895040 nmethod 12187 0x00000204348ff910 code [0x00000204348ffb00, 0x0000020434900138]
Event: 967.596 Thread 0x0000020446895040 12188       3       java.util.Hashtable$EntrySet::iterator (9 bytes)
Event: 967.596 Thread 0x0000020446895040 nmethod 12188 0x0000020434900390 code [0x0000020434900540, 0x0000020434900688]
Event: 967.632 Thread 0x0000020446895040 12189       3       java.util.concurrent.ForkJoinPool$WorkQueue::nextLocalTask (151 bytes)
Event: 967.652 Thread 0x0000020446895040 nmethod 12189 0x0000020434900790 code [0x0000020434900980, 0x0000020434900ea8]
Event: 967.652 Thread 0x0000020446895040 12190       3       java.util.concurrent.ForkJoinPool$WorkQueue::tryPoll (104 bytes)
Event: 967.654 Thread 0x0000020446895040 nmethod 12190 0x0000020434901090 code [0x0000020434901260, 0x0000020434901620]
Event: 967.860 Thread 0x0000020446826f50 nmethod 12186% 0x000002043b201590 code [0x000002043b201820, 0x000002043b202d78]

GC Heap History (20 events):
Event: 51.447 GC heap before
{Heap before GC invocations=168 (full 3):
 PSYoungGen      total 11776K, used 11445K [0x00000000d5580000, 0x00000000d6300000, 0x0000000100000000)
  eden space 9728K, 100% used [0x00000000d5580000,0x00000000d5f00000,0x00000000d5f00000)
  from space 2048K, 83% used [0x00000000d6100000,0x00000000d62ad6b8,0x00000000d6300000)
  to   space 2048K, 0% used [0x00000000d5f00000,0x00000000d5f00000,0x00000000d6100000)
 ParOldGen       total 87040K, used 87006K [0x0000000080000000, 0x0000000085500000, 0x00000000d5580000)
  object space 87040K, 99% used [0x0000000080000000,0x00000000854f78f8,0x0000000085500000)
 Metaspace       used 67371K, committed 68928K, reserved 1114112K
  class space    used 7056K, committed 7744K, reserved 1048576K
}
Event: 51.451 GC heap after
{Heap after GC invocations=168 (full 3):
 PSYoungGen      total 10752K, used 780K [0x00000000d5580000, 0x00000000d6200000, 0x0000000100000000)
  eden space 9728K, 0% used [0x00000000d5580000,0x00000000d5580000,0x00000000d5f00000)
  from space 1024K, 76% used [0x00000000d5f00000,0x00000000d5fc3080,0x00000000d6000000)
  to   space 1536K, 0% used [0x00000000d6080000,0x00000000d6080000,0x00000000d6200000)
 ParOldGen       total 88576K, used 88158K [0x0000000080000000, 0x0000000085680000, 0x00000000d5580000)
  object space 88576K, 99% used [0x0000000080000000,0x0000000085617808,0x0000000085680000)
 Metaspace       used 67371K, committed 68928K, reserved 1114112K
  class space    used 7056K, committed 7744K, reserved 1048576K
}
Event: 51.775 GC heap before
{Heap before GC invocations=169 (full 3):
 PSYoungGen      total 10752K, used 10486K [0x00000000d5580000, 0x00000000d6200000, 0x0000000100000000)
  eden space 9728K, 99% used [0x00000000d5580000,0x00000000d5efa908,0x00000000d5f00000)
  from space 1024K, 76% used [0x00000000d5f00000,0x00000000d5fc3080,0x00000000d6000000)
  to   space 1536K, 0% used [0x00000000d6080000,0x00000000d6080000,0x00000000d6200000)
 ParOldGen       total 88576K, used 88158K [0x0000000080000000, 0x0000000085680000, 0x00000000d5580000)
  object space 88576K, 99% used [0x0000000080000000,0x0000000085617808,0x0000000085680000)
 Metaspace       used 67449K, committed 68992K, reserved 1114112K
  class space    used 7059K, committed 7744K, reserved 1048576K
}
Event: 51.804 GC heap after
{Heap after GC invocations=169 (full 3):
 PSYoungGen      total 10240K, used 1529K [0x00000000d5580000, 0x00000000d6400000, 0x0000000100000000)
  eden space 8704K, 0% used [0x00000000d5580000,0x00000000d5580000,0x00000000d5e00000)
  from space 1536K, 99% used [0x00000000d6080000,0x00000000d61fe410,0x00000000d6200000)
  to   space 2560K, 0% used [0x00000000d5e00000,0x00000000d5e00000,0x00000000d6080000)
 ParOldGen       total 89088K, used 88651K [0x0000000080000000, 0x0000000085700000, 0x00000000d5580000)
  object space 89088K, 99% used [0x0000000080000000,0x0000000085692c40,0x0000000085700000)
 Metaspace       used 67449K, committed 68992K, reserved 1114112K
  class space    used 7059K, committed 7744K, reserved 1048576K
}
Event: 52.342 GC heap before
{Heap before GC invocations=170 (full 3):
 PSYoungGen      total 10240K, used 10233K [0x00000000d5580000, 0x00000000d6400000, 0x0000000100000000)
  eden space 8704K, 100% used [0x00000000d5580000,0x00000000d5e00000,0x00000000d5e00000)
  from space 1536K, 99% used [0x00000000d6080000,0x00000000d61fe410,0x00000000d6200000)
  to   space 2560K, 0% used [0x00000000d5e00000,0x00000000d5e00000,0x00000000d6080000)
 ParOldGen       total 89088K, used 88651K [0x0000000080000000, 0x0000000085700000, 0x00000000d5580000)
  object space 89088K, 99% used [0x0000000080000000,0x0000000085692c40,0x0000000085700000)
 Metaspace       used 67821K, committed 69312K, reserved 1114112K
  class space    used 7085K, committed 7744K, reserved 1048576K
}
Event: 52.349 GC heap after
{Heap after GC invocations=170 (full 3):
 PSYoungGen      total 9728K, used 963K [0x00000000d5580000, 0x00000000d6100000, 0x0000000100000000)
  eden space 8704K, 0% used [0x00000000d5580000,0x00000000d5580000,0x00000000d5e00000)
  from space 1024K, 94% used [0x00000000d5e00000,0x00000000d5ef0e08,0x00000000d5f00000)
  to   space 1536K, 0% used [0x00000000d5f80000,0x00000000d5f80000,0x00000000d6100000)
 ParOldGen       total 89600K, used 89206K [0x0000000080000000, 0x0000000085780000, 0x00000000d5580000)
  object space 89600K, 99% used [0x0000000080000000,0x000000008571da88,0x0000000085780000)
 Metaspace       used 67821K, committed 69312K, reserved 1114112K
  class space    used 7085K, committed 7744K, reserved 1048576K
}
Event: 52.948 GC heap before
{Heap before GC invocations=171 (full 3):
 PSYoungGen      total 9728K, used 9667K [0x00000000d5580000, 0x00000000d6100000, 0x0000000100000000)
  eden space 8704K, 100% used [0x00000000d5580000,0x00000000d5e00000,0x00000000d5e00000)
  from space 1024K, 94% used [0x00000000d5e00000,0x00000000d5ef0e08,0x00000000d5f00000)
  to   space 1536K, 0% used [0x00000000d5f80000,0x00000000d5f80000,0x00000000d6100000)
 ParOldGen       total 89600K, used 89206K [0x0000000080000000, 0x0000000085780000, 0x00000000d5580000)
  object space 89600K, 99% used [0x0000000080000000,0x000000008571da88,0x0000000085780000)
 Metaspace       used 68381K, committed 69888K, reserved 1114112K
  class space    used 7135K, committed 7808K, reserved 1048576K
}
Event: 52.951 GC heap after
{Heap after GC invocations=171 (full 3):
 PSYoungGen      total 9728K, used 692K [0x00000000d5580000, 0x00000000d6080000, 0x0000000100000000)
  eden space 8704K, 0% used [0x00000000d5580000,0x00000000d5580000,0x00000000d5e00000)
  from space 1024K, 67% used [0x00000000d5f80000,0x00000000d602d200,0x00000000d6080000)
  to   space 1024K, 0% used [0x00000000d5e00000,0x00000000d5e00000,0x00000000d5f00000)
 ParOldGen       total 89600K, used 89470K [0x0000000080000000, 0x0000000085780000, 0x00000000d5580000)
  object space 89600K, 99% used [0x0000000080000000,0x000000008575fa88,0x0000000085780000)
 Metaspace       used 68381K, committed 69888K, reserved 1114112K
  class space    used 7135K, committed 7808K, reserved 1048576K
}
Event: 53.082 GC heap before
{Heap before GC invocations=172 (full 3):
 PSYoungGen      total 9728K, used 9396K [0x00000000d5580000, 0x00000000d6080000, 0x0000000100000000)
  eden space 8704K, 100% used [0x00000000d5580000,0x00000000d5e00000,0x00000000d5e00000)
  from space 1024K, 67% used [0x00000000d5f80000,0x00000000d602d200,0x00000000d6080000)
  to   space 1024K, 0% used [0x00000000d5e00000,0x00000000d5e00000,0x00000000d5f00000)
 ParOldGen       total 89600K, used 89470K [0x0000000080000000, 0x0000000085780000, 0x00000000d5580000)
  object space 89600K, 99% used [0x0000000080000000,0x000000008575fa88,0x0000000085780000)
 Metaspace       used 68540K, committed 70080K, reserved 1114112K
  class space    used 7153K, committed 7808K, reserved 1048576K
}
Event: 53.084 GC heap after
{Heap after GC invocations=172 (full 3):
 PSYoungGen      total 9728K, used 356K [0x00000000d5580000, 0x00000000d6000000, 0x0000000100000000)
  eden space 8704K, 0% used [0x00000000d5580000,0x00000000d5580000,0x00000000d5e00000)
  from space 1024K, 34% used [0x00000000d5e00000,0x00000000d5e59110,0x00000000d5f00000)
  to   space 512K, 0% used [0x00000000d5f80000,0x00000000d5f80000,0x00000000d6000000)
 ParOldGen       total 90112K, used 89638K [0x0000000080000000, 0x0000000085800000, 0x00000000d5580000)
  object space 90112K, 99% used [0x0000000080000000,0x0000000085789a98,0x0000000085800000)
 Metaspace       used 68540K, committed 70080K, reserved 1114112K
  class space    used 7153K, committed 7808K, reserved 1048576K
}
Event: 53.399 GC heap before
{Heap before GC invocations=173 (full 3):
 PSYoungGen      total 9728K, used 9060K [0x00000000d5580000, 0x00000000d6000000, 0x0000000100000000)
  eden space 8704K, 100% used [0x00000000d5580000,0x00000000d5e00000,0x00000000d5e00000)
  from space 1024K, 34% used [0x00000000d5e00000,0x00000000d5e59110,0x00000000d5f00000)
  to   space 512K, 0% used [0x00000000d5f80000,0x00000000d5f80000,0x00000000d6000000)
 ParOldGen       total 90112K, used 89638K [0x0000000080000000, 0x0000000085800000, 0x00000000d5580000)
  object space 90112K, 99% used [0x0000000080000000,0x0000000085789a98,0x0000000085800000)
 Metaspace       used 68752K, committed 70336K, reserved 1114112K
  class space    used 7181K, committed 7872K, reserved 1048576K
}
Event: 53.405 GC heap after
{Heap after GC invocations=173 (full 3):
 PSYoungGen      total 9216K, used 500K [0x00000000d5580000, 0x00000000d6000000, 0x0000000100000000)
  eden space 8704K, 0% used [0x00000000d5580000,0x00000000d5580000,0x00000000d5e00000)
  from space 512K, 97% used [0x00000000d5f80000,0x00000000d5ffd200,0x00000000d6000000)
  to   space 1024K, 0% used [0x00000000d5e00000,0x00000000d5e00000,0x00000000d5f00000)
 ParOldGen       total 90112K, used 90047K [0x0000000080000000, 0x0000000085800000, 0x00000000d5580000)
  object space 90112K, 99% used [0x0000000080000000,0x00000000857efe40,0x0000000085800000)
 Metaspace       used 68752K, committed 70336K, reserved 1114112K
  class space    used 7181K, committed 7872K, reserved 1048576K
}
Event: 53.601 GC heap before
{Heap before GC invocations=174 (full 3):
 PSYoungGen      total 9216K, used 9204K [0x00000000d5580000, 0x00000000d6000000, 0x0000000100000000)
  eden space 8704K, 100% used [0x00000000d5580000,0x00000000d5e00000,0x00000000d5e00000)
  from space 512K, 97% used [0x00000000d5f80000,0x00000000d5ffd200,0x00000000d6000000)
  to   space 1024K, 0% used [0x00000000d5e00000,0x00000000d5e00000,0x00000000d5f00000)
 ParOldGen       total 90112K, used 90047K [0x0000000080000000, 0x0000000085800000, 0x00000000d5580000)
  object space 90112K, 99% used [0x0000000080000000,0x00000000857efe40,0x0000000085800000)
 Metaspace       used 68970K, committed 70528K, reserved 1114112K
  class space    used 7190K, committed 7872K, reserved 1048576K
}
Event: 53.616 GC heap after
{Heap after GC invocations=174 (full 3):
 PSYoungGen      total 9728K, used 516K [0x00000000d5580000, 0x00000000d6000000, 0x0000000100000000)
  eden space 8704K, 0% used [0x00000000d5580000,0x00000000d5580000,0x00000000d5e00000)
  from space 1024K, 50% used [0x00000000d5e00000,0x00000000d5e81210,0x00000000d5f00000)
  to   space 1024K, 0% used [0x00000000d5f00000,0x00000000d5f00000,0x00000000d6000000)
 ParOldGen       total 90624K, used 90524K [0x0000000080000000, 0x0000000085880000, 0x00000000d5580000)
  object space 90624K, 99% used [0x0000000080000000,0x0000000085867040,0x0000000085880000)
 Metaspace       used 68970K, committed 70528K, reserved 1114112K
  class space    used 7190K, committed 7872K, reserved 1048576K
}
Event: 54.346 GC heap before
{Heap before GC invocations=175 (full 3):
 PSYoungGen      total 9728K, used 9220K [0x00000000d5580000, 0x00000000d6000000, 0x0000000100000000)
  eden space 8704K, 100% used [0x00000000d5580000,0x00000000d5e00000,0x00000000d5e00000)
  from space 1024K, 50% used [0x00000000d5e00000,0x00000000d5e81210,0x00000000d5f00000)
  to   space 1024K, 0% used [0x00000000d5f00000,0x00000000d5f00000,0x00000000d6000000)
 ParOldGen       total 90624K, used 90524K [0x0000000080000000, 0x0000000085880000, 0x00000000d5580000)
  object space 90624K, 99% used [0x0000000080000000,0x0000000085867040,0x0000000085880000)
 Metaspace       used 69170K, committed 70656K, reserved 1114112K
  class space    used 7204K, committed 7872K, reserved 1048576K
}
Event: 54.347 GC heap after
{Heap after GC invocations=175 (full 3):
 PSYoungGen      total 9728K, used 612K [0x00000000d5580000, 0x00000000d6000000, 0x0000000100000000)
  eden space 8704K, 0% used [0x00000000d5580000,0x00000000d5580000,0x00000000d5e00000)
  from space 1024K, 59% used [0x00000000d5f00000,0x00000000d5f99210,0x00000000d6000000)
  to   space 1024K, 0% used [0x00000000d5e00000,0x00000000d5e00000,0x00000000d5f00000)
 ParOldGen       total 91136K, used 90668K [0x0000000080000000, 0x0000000085900000, 0x00000000d5580000)
  object space 91136K, 99% used [0x0000000080000000,0x000000008588b040,0x0000000085900000)
 Metaspace       used 69170K, committed 70656K, reserved 1114112K
  class space    used 7204K, committed 7872K, reserved 1048576K
}
Event: 54.769 GC heap before
{Heap before GC invocations=176 (full 3):
 PSYoungGen      total 9728K, used 9316K [0x00000000d5580000, 0x00000000d6000000, 0x0000000100000000)
  eden space 8704K, 100% used [0x00000000d5580000,0x00000000d5e00000,0x00000000d5e00000)
  from space 1024K, 59% used [0x00000000d5f00000,0x00000000d5f99210,0x00000000d6000000)
  to   space 1024K, 0% used [0x00000000d5e00000,0x00000000d5e00000,0x00000000d5f00000)
 ParOldGen       total 91136K, used 90668K [0x0000000080000000, 0x0000000085900000, 0x00000000d5580000)
  object space 91136K, 99% used [0x0000000080000000,0x000000008588b040,0x0000000085900000)
 Metaspace       used 69211K, committed 70784K, reserved 1114112K
  class space    used 7204K, committed 7872K, reserved 1048576K
}
Event: 54.777 GC heap after
{Heap after GC invocations=176 (full 3):
 PSYoungGen      total 9728K, used 992K [0x00000000d5580000, 0x00000000d6100000, 0x0000000100000000)
  eden space 8704K, 0% used [0x00000000d5580000,0x00000000d5580000,0x00000000d5e00000)
  from space 1024K, 96% used [0x00000000d5e00000,0x00000000d5ef8390,0x00000000d5f00000)
  to   space 1536K, 0% used [0x00000000d5f80000,0x00000000d5f80000,0x00000000d6100000)
 ParOldGen       total 91136K, used 91008K [0x0000000080000000, 0x0000000085900000, 0x00000000d5580000)
  object space 91136K, 99% used [0x0000000080000000,0x00000000858e0370,0x0000000085900000)
 Metaspace       used 69211K, committed 70784K, reserved 1114112K
  class space    used 7204K, committed 7872K, reserved 1048576K
}
Event: 56.521 GC heap before
{Heap before GC invocations=177 (full 3):
 PSYoungGen      total 9728K, used 9696K [0x00000000d5580000, 0x00000000d6100000, 0x0000000100000000)
  eden space 8704K, 100% used [0x00000000d5580000,0x00000000d5e00000,0x00000000d5e00000)
  from space 1024K, 96% used [0x00000000d5e00000,0x00000000d5ef8390,0x00000000d5f00000)
  to   space 1536K, 0% used [0x00000000d5f80000,0x00000000d5f80000,0x00000000d6100000)
 ParOldGen       total 91136K, used 91008K [0x0000000080000000, 0x0000000085900000, 0x00000000d5580000)
  object space 91136K, 99% used [0x0000000080000000,0x00000000858e0370,0x0000000085900000)
 Metaspace       used 69298K, committed 70848K, reserved 1114112K
  class space    used 7205K, committed 7872K, reserved 1048576K
}
Event: 56.542 GC heap after
{Heap after GC invocations=177 (full 3):
 PSYoungGen      total 9728K, used 666K [0x00000000d5580000, 0x00000000d6080000, 0x0000000100000000)
  eden space 8704K, 0% used [0x00000000d5580000,0x00000000d5580000,0x00000000d5e00000)
  from space 1024K, 65% used [0x00000000d5f80000,0x00000000d6026900,0x00000000d6080000)
  to   space 1024K, 0% used [0x00000000d5e00000,0x00000000d5e00000,0x00000000d5f00000)
 ParOldGen       total 91648K, used 91402K [0x0000000080000000, 0x0000000085980000, 0x00000000d5580000)
  object space 91648K, 99% used [0x0000000080000000,0x0000000085942938,0x0000000085980000)
 Metaspace       used 69298K, committed 70848K, reserved 1114112K
  class space    used 7205K, committed 7872K, reserved 1048576K
}

Dll operation events (10 events):
Event: 0.032 Loaded shared library c:\Users\User\.vscode\extensions\redhat.java-1.54.0-win32-x64\jre\21.0.10-win32-x86_64\bin\java.dll
Event: 0.473 Loaded shared library c:\Users\User\.vscode\extensions\redhat.java-1.54.0-win32-x64\jre\21.0.10-win32-x86_64\bin\zip.dll
Event: 0.576 Loaded shared library C:\Users\User\.vscode\extensions\redhat.java-1.54.0-win32-x64\jre\21.0.10-win32-x86_64\bin\instrument.dll
Event: 0.597 Loaded shared library C:\Users\User\.vscode\extensions\redhat.java-1.54.0-win32-x64\jre\21.0.10-win32-x86_64\bin\net.dll
Event: 0.603 Loaded shared library C:\Users\User\.vscode\extensions\redhat.java-1.54.0-win32-x64\jre\21.0.10-win32-x86_64\bin\nio.dll
Event: 0.615 Loaded shared library C:\Users\User\.vscode\extensions\redhat.java-1.54.0-win32-x64\jre\21.0.10-win32-x86_64\bin\zip.dll
Event: 0.666 Loaded shared library C:\Users\User\.vscode\extensions\redhat.java-1.54.0-win32-x64\jre\21.0.10-win32-x86_64\bin\jimage.dll
Event: 0.877 Loaded shared library c:\Users\User\.vscode\extensions\redhat.java-1.54.0-win32-x64\jre\21.0.10-win32-x86_64\bin\verify.dll
Event: 6.773 Loaded shared library C:\Users\User\AppData\Roaming\Code\User\globalStorage\redhat.java\1.54.0\config_win\org.eclipse.equinox.launcher\org.eclipse.equinox.launcher.win32.win32.x86_64_1.3.0.v20260203-2149\eclipse_11919.dll
Event: 17.977 Loaded shared library C:\Users\User\AppData\Local\Temp\jna-2645995\jna13342211542149227365.dll

Deoptimization events (20 events):
Event: 328.812 Thread 0x000002048dcfb100 Uncommon trap: trap_request=0xffffffde fr.pc=0x000002043af39e7c relative=0x0000000000000b3c
Event: 328.812 Thread 0x000002048dcfb100 Uncommon trap: reason=class_check action=maybe_recompile pc=0x000002043af39e7c method=java.io.DataOutputStream.write([BII)V @ 7 c2
Event: 328.812 Thread 0x000002048dcfb100 DEOPT PACKING pc=0x000002043af39e7c sp=0x000000107c0fee50
Event: 328.812 Thread 0x000002048dcfb100 DEOPT UNPACKING pc=0x000002043a5b3aa2 sp=0x000000107c0fed80 mode 2
Event: 328.812 Thread 0x000002048dcfb100 Uncommon trap: trap_request=0xffffffde fr.pc=0x000002043af39e7c relative=0x0000000000000b3c
Event: 328.812 Thread 0x000002048dcfb100 Uncommon trap: reason=class_check action=maybe_recompile pc=0x000002043af39e7c method=java.io.DataOutputStream.write([BII)V @ 7 c2
Event: 328.812 Thread 0x000002048dcfb100 DEOPT PACKING pc=0x000002043af39e7c sp=0x000000107c0feda0
Event: 328.812 Thread 0x000002048dcfb100 DEOPT UNPACKING pc=0x000002043a5b3aa2 sp=0x000000107c0fecd0 mode 2
Event: 328.813 Thread 0x000002048dcfb100 Uncommon trap: trap_request=0xffffffde fr.pc=0x000002043af3fca0 relative=0x00000000000003e0
Event: 328.813 Thread 0x000002048dcfb100 Uncommon trap: reason=class_check action=maybe_recompile pc=0x000002043af3fca0 method=java.io.DataOutputStream.writeInt(I)V @ 19 c2
Event: 328.813 Thread 0x000002048dcfb100 DEOPT PACKING pc=0x000002043af3fca0 sp=0x000000107c0fed20
Event: 328.813 Thread 0x000002048dcfb100 DEOPT UNPACKING pc=0x000002043a5b3aa2 sp=0x000000107c0fecc8 mode 2
Event: 329.036 Thread 0x000002048dcfb100 Uncommon trap: trap_request=0xffffff45 fr.pc=0x000002043b0a7bc8 relative=0x00000000000006c8
Event: 329.036 Thread 0x000002048dcfb100 Uncommon trap: reason=unstable_if action=reinterpret pc=0x000002043b0a7bc8 method=java.io.InputStream.read([BII)I @ 52 c2
Event: 329.036 Thread 0x000002048dcfb100 DEOPT PACKING pc=0x000002043b0a7bc8 sp=0x000000107c0feeb0
Event: 329.036 Thread 0x000002048dcfb100 DEOPT UNPACKING pc=0x000002043a5b3aa2 sp=0x000000107c0fee40 mode 2
Event: 966.601 Thread 0x000002048fed2720 Uncommon trap: trap_request=0xffffff45 fr.pc=0x000002043af3d60c relative=0x000000000000036c
Event: 966.628 Thread 0x000002048fed2720 Uncommon trap: reason=unstable_if action=reinterpret pc=0x000002043af3d60c method=java.io.BufferedOutputStream.implWrite([BII)V @ 5 c2
Event: 966.630 Thread 0x000002048fed2720 DEOPT PACKING pc=0x000002043af3d60c sp=0x000000107bbfd970
Event: 966.641 Thread 0x000002048fed2720 DEOPT UNPACKING pc=0x000002043a5b3aa2 sp=0x000000107bbfd8c0 mode 2

Classes loaded (20 events):
Event: 51.082 Loading class java/util/stream/ReduceOps$1ReducingSink
Event: 51.082 Loading class java/util/stream/ReduceOps$1ReducingSink done
Event: 52.104 Loading class jdk/internal/ref/CleanerImpl$InnocuousThreadFactory
Event: 52.115 Loading class jdk/internal/ref/CleanerImpl$InnocuousThreadFactory done
Event: 324.897 Loading class java/util/stream/Nodes$CollectorTask$OfRef
Event: 325.119 Loading class java/util/stream/Nodes$CollectorTask
Event: 325.182 Loading class java/util/stream/Nodes$CollectorTask done
Event: 325.182 Loading class java/util/stream/Nodes$CollectorTask$OfRef done
Event: 326.524 Loading class java/util/function/LongFunction
Event: 326.537 Loading class java/util/function/LongFunction done
Event: 326.568 Loading class java/util/stream/Nodes$ConcNode
Event: 326.591 Loading class java/util/stream/Nodes$AbstractConcNode
Event: 326.612 Loading class java/util/stream/Nodes$AbstractConcNode done
Event: 326.613 Loading class java/util/stream/Nodes$ConcNode done
Event: 327.775 Loading class java/io/ObjectOutputStream$BlockDataOutputStream
Event: 327.787 Loading class java/io/ObjectOutputStream$BlockDataOutputStream done
Event: 327.787 Loading class java/io/ObjectOutputStream$HandleTable
Event: 327.788 Loading class java/io/ObjectOutputStream$HandleTable done
Event: 327.789 Loading class java/io/ObjectOutputStream$ReplaceTable
Event: 327.793 Loading class java/io/ObjectOutputStream$ReplaceTable done

Classes unloaded (8 events):
Event: 20.043 Thread 0x000002042feedb60 Unloading class 0x00000204481ab000 'java/lang/invoke/LambdaForm$MH+0x00000204481ab000'
Event: 20.043 Thread 0x000002042feedb60 Unloading class 0x00000204481aac00 'java/lang/invoke/LambdaForm$MH+0x00000204481aac00'
Event: 20.043 Thread 0x000002042feedb60 Unloading class 0x00000204481aa800 'java/lang/invoke/LambdaForm$MH+0x00000204481aa800'
Event: 20.043 Thread 0x000002042feedb60 Unloading class 0x00000204481aa400 'java/lang/invoke/LambdaForm$MH+0x00000204481aa400'
Event: 20.043 Thread 0x000002042feedb60 Unloading class 0x00000204481aa000 'java/lang/invoke/LambdaForm$BMH+0x00000204481aa000'
Event: 20.043 Thread 0x000002042feedb60 Unloading class 0x00000204481a9c00 'java/lang/invoke/LambdaForm$DMH+0x00000204481a9c00'
Event: 20.043 Thread 0x000002042feedb60 Unloading class 0x00000204481a8800 'java/lang/invoke/LambdaForm$DMH+0x00000204481a8800'
Event: 40.786 Thread 0x000002042feedb60 Unloading class 0x0000020448576c00 'java/lang/invoke/LambdaForm$DMH+0x0000020448576c00'

Classes redefined (0 events):
No events

Internal exceptions (20 events):
Event: 47.039 Thread 0x000002048dcf75f0 Implicit null exception at 0x000002043b0d1aa9 to 0x000002043b0d2424
Event: 47.045 Thread 0x000002048dcf75f0 Implicit null exception at 0x000002043b0cffcb to 0x000002043b0d0a40
Event: 48.020 Thread 0x000002048dcf7c80 Implicit null exception at 0x000002043b0e12a9 to 0x000002043b0e1890
Event: 48.337 Thread 0x000002048dcfe580 Exception <a 'java/lang/IncompatibleClassChangeError'{0x00000000d55ca4e8}: Found class java.lang.Object, but interface was expected> (0x00000000d55ca4e8) 
thrown [s\src\hotspot\share\interpreter\linkResolver.cpp, line 840]
Event: 49.700 Thread 0x000002048dcf75f0 Exception <a 'java/lang/IncompatibleClassChangeError'{0x00000000d59f7df8}: Found class java.lang.Object, but interface was expected> (0x00000000d59f7df8) 
thrown [s\src\hotspot\share\interpreter\linkResolver.cpp, line 840]
Event: 50.577 Thread 0x000002048dcfaa70 Exception <a 'sun/nio/fs/WindowsException'{0x00000000d5bca868}> (0x00000000d5bca868) 
thrown [s\src\hotspot\share\prims\jni.cpp, line 520]
Event: 50.578 Thread 0x000002048dcfaa70 Exception <a 'sun/nio/fs/WindowsException'{0x00000000d5bcb0b8}> (0x00000000d5bcb0b8) 
thrown [s\src\hotspot\share\prims\jni.cpp, line 520]
Event: 52.863 Thread 0x000002048dcf75f0 Exception <a 'sun/nio/fs/WindowsException'{0x00000000d5daefc0}> (0x00000000d5daefc0) 
thrown [s\src\hotspot\share\prims\jni.cpp, line 520]
Event: 52.863 Thread 0x000002048dcf75f0 Exception <a 'sun/nio/fs/WindowsException'{0x00000000d5dafac0}> (0x00000000d5dafac0) 
thrown [s\src\hotspot\share\prims\jni.cpp, line 520]
Event: 52.864 Thread 0x000002048dcf75f0 Exception <a 'sun/nio/fs/WindowsException'{0x00000000d5db0f50}> (0x00000000d5db0f50) 
thrown [s\src\hotspot\share\prims\jni.cpp, line 520]
Event: 52.864 Thread 0x000002048dcf75f0 Exception <a 'sun/nio/fs/WindowsException'{0x00000000d5db1a50}> (0x00000000d5db1a50) 
thrown [s\src\hotspot\share\prims\jni.cpp, line 520]
Event: 52.867 Thread 0x000002048dcf75f0 Exception <a 'sun/nio/fs/WindowsException'{0x00000000d5db3990}> (0x00000000d5db3990) 
thrown [s\src\hotspot\share\prims\jni.cpp, line 520]
Event: 52.867 Thread 0x000002048dcf75f0 Exception <a 'sun/nio/fs/WindowsException'{0x00000000d5db4490}> (0x00000000d5db4490) 
thrown [s\src\hotspot\share\prims\jni.cpp, line 520]
Event: 52.880 Thread 0x000002048dcf75f0 Exception <a 'sun/nio/fs/WindowsException'{0x00000000d5dd33f8}> (0x00000000d5dd33f8) 
thrown [s\src\hotspot\share\prims\jni.cpp, line 520]
Event: 52.880 Thread 0x000002048dcf75f0 Exception <a 'sun/nio/fs/WindowsException'{0x00000000d5dd3ef8}> (0x00000000d5dd3ef8) 
thrown [s\src\hotspot\share\prims\jni.cpp, line 520]
Event: 53.141 Thread 0x000002048dcf7c80 Exception <a 'java/lang/NoSuchMethodError'{0x00000000d584f8c8}: 'java.lang.Object java.lang.invoke.DirectMethodHandle$Holder.newInvokeSpecial(java.lang.Object, java.lang.Object, int, java.lang.Object, java.lang.Object, java.lang.Object, java.lang.Object)'> (0x00000000d584f8c8) 
thrown [s\src\hotspot\share\interpreter\linkResolver.cpp, line 773]
Event: 327.392 Thread 0x000002048dcfb100 Exception <a 'sun/nio/fs/WindowsException'{0x00000000d5990c20}> (0x00000000d5990c20) 
thrown [s\src\hotspot\share\prims\jni.cpp, line 520]
Event: 327.394 Thread 0x000002048dcfb100 Exception <a 'sun/nio/fs/WindowsException'{0x00000000d5991720}> (0x00000000d5991720) 
thrown [s\src\hotspot\share\prims\jni.cpp, line 520]
Event: 328.623 Thread 0x000002048dcfb100 Exception <a 'java/lang/NoSuchMethodError'{0x00000000d5a325b0}: static [J.<clinit>()V> (0x00000000d5a325b0) 
thrown [s\src\hotspot\share\prims\jni.cpp, line 1111]
Event: 328.854 Thread 0x000002048dcfb100 Exception <a 'java/lang/NoSuchMethodError'{0x00000000d5a63320}: 'java.lang.Object java.lang.invoke.DirectMethodHandle$Holder.newInvokeSpecial(java.lang.Object, java.lang.Object, java.lang.Object, java.lang.Object, java.lang.Object, java.lang.Object, java.lang.Object, java.lang.Object)'> (0x00000000d5a63320) 
thrown [s\src\hotspot\share\interpreter\linkResolver.cpp, line 773]

ZGC Phase Switch (0 events):
No events

VM Operations (20 events):
Event: 329.783 Executing safepoint VM operation: Cleanup
Event: 329.783 Executing safepoint VM operation: Cleanup done
Event: 338.875 Executing safepoint VM operation: Cleanup
Event: 338.875 Executing safepoint VM operation: Cleanup done
Event: 360.810 Executing non-safepoint VM operation: HandshakeAllThreads (HandshakeForDeflation)
Event: 360.812 Executing non-safepoint VM operation: HandshakeAllThreads (HandshakeForDeflation) done
Event: 360.823 Executing non-safepoint VM operation: RendezvousGCThreads
Event: 360.823 Executing non-safepoint VM operation: RendezvousGCThreads done
Event: 367.897 Executing safepoint VM operation: Cleanup
Event: 367.897 Executing safepoint VM operation: Cleanup done
Event: 420.975 Executing non-safepoint VM operation: HandshakeAllThreads (HandshakeForDeflation)
Event: 420.991 Executing non-safepoint VM operation: HandshakeAllThreads (HandshakeForDeflation) done
Event: 421.011 Executing non-safepoint VM operation: RendezvousGCThreads
Event: 421.012 Executing non-safepoint VM operation: RendezvousGCThreads done
Event: 509.859 Executing safepoint VM operation: Cleanup
Event: 509.866 Executing safepoint VM operation: Cleanup done
Event: 962.698 Executing non-safepoint VM operation: HandshakeAllThreads (HandshakeForDeflation)
Event: 962.720 Executing non-safepoint VM operation: HandshakeAllThreads (HandshakeForDeflation) done
Event: 962.729 Executing non-safepoint VM operation: RendezvousGCThreads
Event: 962.729 Executing non-safepoint VM operation: RendezvousGCThreads done

Memory protections (0 events):
No events

Nmethod flushes (20 events):
Event: 40.817 Thread 0x000002042feedb60 flushing  nmethod 0x0000020433a0dd10
Event: 40.817 Thread 0x000002042feedb60 flushing  nmethod 0x0000020433a14210
Event: 40.817 Thread 0x000002042feedb60 flushing  nmethod 0x0000020433a14810
Event: 40.817 Thread 0x000002042feedb60 flushing  nmethod 0x0000020433a14c90
Event: 40.817 Thread 0x000002042feedb60 flushing  nmethod 0x0000020433a15290
Event: 40.817 Thread 0x000002042feedb60 flushing  nmethod 0x0000020433a15690
Event: 40.817 Thread 0x000002042feedb60 flushing  nmethod 0x0000020433a16c10
Event: 40.817 Thread 0x000002042feedb60 flushing  nmethod 0x0000020433a35610
Event: 40.817 Thread 0x000002042feedb60 flushing  nmethod 0x0000020433a3b690
Event: 40.817 Thread 0x000002042feedb60 flushing  nmethod 0x0000020433a6d890
Event: 40.817 Thread 0x000002042feedb60 flushing  nmethod 0x0000020433a6f710
Event: 40.817 Thread 0x000002042feedb60 flushing  nmethod 0x0000020433a71510
Event: 40.817 Thread 0x000002042feedb60 flushing  nmethod 0x0000020433a71c90
Event: 40.817 Thread 0x000002042feedb60 flushing  nmethod 0x0000020433a73110
Event: 40.817 Thread 0x000002042feedb60 flushing  nmethod 0x0000020433a8dd10
Event: 40.817 Thread 0x000002042feedb60 flushing  nmethod 0x0000020433a94e90
Event: 40.817 Thread 0x000002042feedb60 flushing  nmethod 0x0000020433a98910
Event: 40.817 Thread 0x000002042feedb60 flushing  nmethod 0x0000020433adcf10
Event: 40.817 Thread 0x000002042feedb60 flushing  nmethod 0x0000020433ae0710
Event: 40.817 Thread 0x000002042feedb60 flushing  nmethod 0x0000020433b2ad90

Events (20 events):
Event: 116.031 Thread 0x000002048dcf8310 Thread exited: 0x000002048dcf8310
Event: 116.501 Thread 0x000002048dcf75f0 Thread exited: 0x000002048dcf75f0
Event: 159.475 Thread 0x000002048fed2720 Thread exited: 0x000002048fed2720
Event: 185.472 Thread 0x000002048dcf7c80 Thread exited: 0x000002048dcf7c80
Event: 219.545 Thread 0x000002048fece580 Thread exited: 0x000002048fece580
Event: 245.486 Thread 0x000002048fed4160 Thread exited: 0x000002048fed4160
Event: 279.708 Thread 0x000002048fed0650 Thread exited: 0x000002048fed0650
Event: 320.776 Thread 0x000002048dcfb100 Thread added: 0x000002048fed1a00
Event: 324.614 Thread 0x000002048dcfb100 Thread added: 0x000002048fed4160
Event: 326.671 Thread 0x000002048fed4160 Thread exited: 0x000002048fed4160
Event: 327.545 Thread 0x000002048dcfb100 Thread added: 0x000002048fecf930
Event: 327.564 Thread 0x000002048fecf930 Thread exited: 0x000002048fecf930
Event: 333.578 Thread 0x000002048fed0ce0 Thread exited: 0x000002048fed0ce0
Event: 338.585 Thread 0x000002048fed3ad0 Thread exited: 0x000002048fed3ad0
Event: 338.659 Thread 0x000002048fed2db0 Thread exited: 0x000002048fed2db0
Event: 339.071 Thread 0x000002048fed1370 Thread exited: 0x000002048fed1370
Event: 389.333 Thread 0x000002048dcfb100 Thread exited: 0x000002048dcfb100
Event: 963.749 Thread 0x000002048dcfe580 Thread added: 0x000002048fed2090
Event: 963.889 Thread 0x000002048dcfe580 Thread added: 0x000002048fecec10
Event: 963.994 Thread 0x000002048dcfe580 Thread added: 0x000002048fed2720


Dynamic libraries:
0x00007ff6d49f0000 - 0x00007ff6d49fe000 	c:\Users\User\.vscode\extensions\redhat.java-1.54.0-win32-x64\jre\21.0.10-win32-x86_64\bin\java.exe
0x00007ffced7b0000 - 0x00007ffced9a8000 	C:\WINDOWS\SYSTEM32\ntdll.dll
0x00007ffceba20000 - 0x00007ffcebae2000 	C:\WINDOWS\System32\KERNEL32.DLL
0x00007ffceb450000 - 0x00007ffceb746000 	C:\WINDOWS\System32\KERNELBASE.dll
0x00007ffce5120000 - 0x00007ffce51b4000 	C:\WINDOWS\SYSTEM32\apphelp.dll
0x00007ffceaf30000 - 0x00007ffceb030000 	C:\WINDOWS\System32\ucrtbase.dll
0x00007ffce7460000 - 0x00007ffce7478000 	c:\Users\User\.vscode\extensions\redhat.java-1.54.0-win32-x64\jre\21.0.10-win32-x86_64\bin\jli.dll
0x00007ffcecfc0000 - 0x00007ffced161000 	C:\WINDOWS\System32\USER32.dll
0x00007ffceb0e0000 - 0x00007ffceb102000 	C:\WINDOWS\System32\win32u.dll
0x00007ffced6a0000 - 0x00007ffced6cb000 	C:\WINDOWS\System32\GDI32.dll
0x00007ffceb7a0000 - 0x00007ffceb8b9000 	C:\WINDOWS\System32\gdi32full.dll
0x00007ffceb2a0000 - 0x00007ffceb33d000 	C:\WINDOWS\System32\msvcp_win.dll
0x00007ffce4940000 - 0x00007ffce495e000 	c:\Users\User\.vscode\extensions\redhat.java-1.54.0-win32-x64\jre\21.0.10-win32-x86_64\bin\VCRUNTIME140.dll
0x00007ffcda580000 - 0x00007ffcda81b000 	C:\WINDOWS\WinSxS\amd64_microsoft.windows.common-controls_6595b64144ccf1df_6.0.19041.6456_none_60b8a6cb71f64256\COMCTL32.dll
0x00007ffced6d0000 - 0x00007ffced76e000 	C:\WINDOWS\System32\msvcrt.dll
0x00007ffcebca0000 - 0x00007ffcebccf000 	C:\WINDOWS\System32\IMM32.DLL
0x00007ffce7450000 - 0x00007ffce745c000 	c:\Users\User\.vscode\extensions\redhat.java-1.54.0-win32-x64\jre\21.0.10-win32-x86_64\bin\vcruntime140_1.dll
0x00007ffce34c0000 - 0x00007ffce354d000 	c:\Users\User\.vscode\extensions\redhat.java-1.54.0-win32-x64\jre\21.0.10-win32-x86_64\bin\msvcp140.dll
0x00007ffca8de0000 - 0x00007ffca9b81000 	c:\Users\User\.vscode\extensions\redhat.java-1.54.0-win32-x64\jre\21.0.10-win32-x86_64\bin\server\jvm.dll
0x00007ffcebb00000 - 0x00007ffcebbb1000 	C:\WINDOWS\System32\ADVAPI32.dll
0x00007ffceb8d0000 - 0x00007ffceb96f000 	C:\WINDOWS\System32\sechost.dll
0x00007ffcec610000 - 0x00007ffcec730000 	C:\WINDOWS\System32\RPCRT4.dll
0x00007ffceb110000 - 0x00007ffceb137000 	C:\WINDOWS\System32\bcrypt.dll
0x00007ffcec5a0000 - 0x00007ffcec60b000 	C:\WINDOWS\System32\WS2_32.dll
0x00007ffceace0000 - 0x00007ffcead2b000 	C:\WINDOWS\SYSTEM32\POWRPROF.dll
0x00007ffcd93d0000 - 0x00007ffcd93f7000 	C:\WINDOWS\SYSTEM32\WINMM.dll
0x00007ffce7a20000 - 0x00007ffce7a2a000 	C:\WINDOWS\SYSTEM32\VERSION.dll
0x00007ffceacc0000 - 0x00007ffceacd2000 	C:\WINDOWS\SYSTEM32\UMPDC.dll
0x00007ffce9770000 - 0x00007ffce9782000 	C:\WINDOWS\SYSTEM32\kernel.appcore.dll
0x00007ffce5c40000 - 0x00007ffce5c4a000 	c:\Users\User\.vscode\extensions\redhat.java-1.54.0-win32-x64\jre\21.0.10-win32-x86_64\bin\jimage.dll
0x00007ffce9430000 - 0x00007ffce9631000 	C:\WINDOWS\SYSTEM32\DBGHELP.DLL
0x00007ffcd6e30000 - 0x00007ffcd6e64000 	C:\WINDOWS\SYSTEM32\dbgcore.DLL
0x00007ffceb3c0000 - 0x00007ffceb442000 	C:\WINDOWS\System32\bcryptPrimitives.dll
0x00007ffce57b0000 - 0x00007ffce57bf000 	c:\Users\User\.vscode\extensions\redhat.java-1.54.0-win32-x64\jre\21.0.10-win32-x86_64\bin\instrument.dll
0x00007ffce4550000 - 0x00007ffce4570000 	c:\Users\User\.vscode\extensions\redhat.java-1.54.0-win32-x64\jre\21.0.10-win32-x86_64\bin\java.dll
0x00007ffcebda0000 - 0x00007ffcec510000 	C:\WINDOWS\System32\SHELL32.dll
0x00007ffce8bb0000 - 0x00007ffce9355000 	C:\WINDOWS\SYSTEM32\windows.storage.dll
0x00007ffcec860000 - 0x00007ffcecbb4000 	C:\WINDOWS\System32\combase.dll
0x00007ffcea880000 - 0x00007ffcea8ab000 	C:\WINDOWS\SYSTEM32\Wldp.dll
0x00007ffcebcd0000 - 0x00007ffcebd9d000 	C:\WINDOWS\System32\OLEAUT32.dll
0x00007ffcecd40000 - 0x00007ffcecded000 	C:\WINDOWS\System32\SHCORE.dll
0x00007ffcecce0000 - 0x00007ffcecd3b000 	C:\WINDOWS\System32\shlwapi.dll
0x00007ffceae60000 - 0x00007ffceae84000 	C:\WINDOWS\SYSTEM32\profapi.dll
0x00007ffce3910000 - 0x00007ffce3928000 	c:\Users\User\.vscode\extensions\redhat.java-1.54.0-win32-x64\jre\21.0.10-win32-x86_64\bin\zip.dll
0x00007ffce5750000 - 0x00007ffce5760000 	C:\Users\User\.vscode\extensions\redhat.java-1.54.0-win32-x64\jre\21.0.10-win32-x86_64\bin\net.dll
0x00007ffce2750000 - 0x00007ffce285a000 	C:\WINDOWS\SYSTEM32\WINHTTP.dll
0x00007ffcea5e0000 - 0x00007ffcea64a000 	C:\WINDOWS\system32\mswsock.dll
0x00007ffce38f0000 - 0x00007ffce3906000 	C:\Users\User\.vscode\extensions\redhat.java-1.54.0-win32-x64\jre\21.0.10-win32-x86_64\bin\nio.dll
0x00007ffce4880000 - 0x00007ffce4890000 	c:\Users\User\.vscode\extensions\redhat.java-1.54.0-win32-x64\jre\21.0.10-win32-x86_64\bin\verify.dll
0x00007ffce3750000 - 0x00007ffce3795000 	C:\Users\User\AppData\Roaming\Code\User\globalStorage\redhat.java\1.54.0\config_win\org.eclipse.equinox.launcher\org.eclipse.equinox.launcher.win32.win32.x86_64_1.3.0.v20260203-2149\eclipse_11919.dll
0x00007ffcec730000 - 0x00007ffcec85b000 	C:\WINDOWS\System32\ole32.dll
0x00007ffcea7e0000 - 0x00007ffcea7f8000 	C:\WINDOWS\SYSTEM32\CRYPTSP.dll
0x00007ffce9f00000 - 0x00007ffce9f38000 	C:\WINDOWS\system32\rsaenh.dll
0x00007ffceade0000 - 0x00007ffceae0e000 	C:\WINDOWS\SYSTEM32\USERENV.dll
0x00007ffcea7d0000 - 0x00007ffcea7dc000 	C:\WINDOWS\SYSTEM32\CRYPTBASE.dll
0x00007ffcea2c0000 - 0x00007ffcea2fb000 	C:\WINDOWS\SYSTEM32\IPHLPAPI.DLL
0x00007ffcec590000 - 0x00007ffcec598000 	C:\WINDOWS\System32\NSI.dll
0x00007ffcc4200000 - 0x00007ffcc4249000 	C:\Users\User\AppData\Local\Temp\jna-2645995\jna13342211542149227365.dll
0x00007ffceb8c0000 - 0x00007ffceb8c8000 	C:\WINDOWS\System32\PSAPI.DLL
0x00007ffce14f0000 - 0x00007ffce1507000 	C:\WINDOWS\SYSTEM32\dhcpcsvc6.DLL
0x00007ffce2090000 - 0x00007ffce20ad000 	C:\WINDOWS\SYSTEM32\dhcpcsvc.DLL

JVMTI agents:
c:\Users\User\.vscode\extensions\redhat.java-1.54.0-win32-x64\lombok\lombok-1.18.39-4050.jar path:c:\Users\User\.vscode\extensions\redhat.java-1.54.0-win32-x64\jre\21.0.10-win32-x86_64\bin\instrument.dll, loaded, initialized, instrumentlib options:none

dbghelp: loaded successfully - version: 4.0.5 - missing functions: none
symbol engine: initialized successfully - sym options: 0x614 - pdb path: .;c:\Users\User\.vscode\extensions\redhat.java-1.54.0-win32-x64\jre\21.0.10-win32-x86_64\bin;C:\WINDOWS\SYSTEM32;C:\WINDOWS\WinSxS\amd64_microsoft.windows.common-controls_6595b64144ccf1df_6.0.19041.6456_none_60b8a6cb71f64256;c:\Users\User\.vscode\extensions\redhat.java-1.54.0-win32-x64\jre\21.0.10-win32-x86_64\bin\server;C:\Users\User\AppData\Roaming\Code\User\globalStorage\redhat.java\1.54.0\config_win\org.eclipse.equinox.launcher\org.eclipse.equinox.launcher.win32.win32.x86_64_1.3.0.v20260203-2149;C:\Users\User\AppData\Local\Temp\jna-2645995

VM Arguments:
jvm_args: --add-modules=ALL-SYSTEM --add-opens=java.base/java.util=ALL-UNNAMED --add-opens=java.base/java.lang=ALL-UNNAMED --add-opens=java.base/sun.nio.fs=ALL-UNNAMED -Declipse.application=org.eclipse.jdt.ls.core.id1 -Dosgi.bundles.defaultStartLevel=4 -Declipse.product=org.eclipse.jdt.ls.core.product -Djava.import.generatesMetadataFilesAtProjectRoot=false -DDetectVMInstallationsJob.disabled=true -Dfile.encoding=utf8 -XX:+UseParallelGC -XX:GCTimeRatio=4 -XX:AdaptiveSizePolicyWeight=90 -Dsun.zip.disableMemoryMapping=true -Xmx2G -Xms100m -Xlog:disable -javaagent:c:\Users\User\.vscode\extensions\redhat.java-1.54.0-win32-x64\lombok\lombok-1.18.39-4050.jar -XX:+HeapDumpOnOutOfMemoryError -XX:HeapDumpPath=c:\Users\User\AppData\Roaming\Code\User\workspaceStorage\adf884907a3f265539c2f971d354893b\redhat.java -Daether.dependencyCollector.impl=bf 
java_command: c:\Users\User\.vscode\extensions\redhat.java-1.54.0-win32-x64\server\plugins\org.eclipse.equinox.launcher_1.7.100.v20251111-0406.jar -configuration c:\Users\User\AppData\Roaming\Code\User\globalStorage\redhat.java\1.54.0\config_win -data c:\Users\User\AppData\Roaming\Code\User\workspaceStorage\adf884907a3f265539c2f971d354893b\redhat.java\jdt_ws --pipe=\\.\pipe\lsp-bfe8552258e3b49cb3042564f90df780-sock
java_class_path (initial): c:\Users\User\.vscode\extensions\redhat.java-1.54.0-win32-x64\server\plugins\org.eclipse.equinox.launcher_1.7.100.v20251111-0406.jar
Launcher Type: SUN_STANDARD

[Global flags]
    uintx AdaptiveSizePolicyWeight                 = 90                                        {product} {command line}
     intx CICompilerCount                          = 3                                         {product} {ergonomic}
    uintx GCTimeRatio                              = 4                                         {product} {command line}
     bool HeapDumpOnOutOfMemoryError               = true                                   {manageable} {command line}
    ccstr HeapDumpPath                             = c:\Users\User\AppData\Roaming\Code\User\workspaceStorage\adf884907a3f265539c2f971d354893b\redhat.java         {manageable} {command line}
   size_t InitialHeapSize                          = 104857600                                 {product} {command line}
   size_t MaxHeapSize                              = 2147483648                                {product} {command line}
   size_t MaxNewSize                               = 715653120                                 {product} {ergonomic}
   size_t MinHeapDeltaBytes                        = 524288                                    {product} {ergonomic}
   size_t MinHeapSize                              = 104857600                                 {product} {command line}
   size_t NewSize                                  = 34603008                                  {product} {ergonomic}
    uintx NonNMethodCodeHeapSize                   = 5832780                                {pd product} {ergonomic}
    uintx NonProfiledCodeHeapSize                  = 122912730                              {pd product} {ergonomic}
   size_t OldSize                                  = 70254592                                  {product} {ergonomic}
    uintx ProfiledCodeHeapSize                     = 122912730                              {pd product} {ergonomic}
    uintx ReservedCodeCacheSize                    = 251658240                              {pd product} {ergonomic}
     bool SegmentedCodeCache                       = true                                      {product} {ergonomic}
   size_t SoftMaxHeapSize                          = 2147483648                             {manageable} {ergonomic}
     bool UseCompressedOops                        = true                           {product lp64_product} {ergonomic}
     bool UseLargePagesIndividualAllocation        = false                                  {pd product} {ergonomic}
     bool UseParallelGC                            = true                                      {product} {command line}

Logging:
Log output configuration:
 #0: stdout all=off uptime,level,tags foldmultilines=false
 #1: stderr all=off uptime,level,tags foldmultilines=false

Release file:
JAVA_VERSION="21.0.10" 
MODULES="java.base java.compiler java.datatransfer java.xml java.prefs java.desktop java.instrument java.logging java.management java.security.sasl java.naming java.rmi java.management.rmi java.net.http java.scripting java.security.jgss java.transaction.xa java.sql java.sql.rowset java.xml.crypto java.se java.smartcardio jdk.accessibility jdk.internal.jvmstat jdk.attach jdk.charsets jdk.internal.opt jdk.zipfs jdk.compiler jdk.crypto.ec jdk.crypto.cryptoki jdk.crypto.mscapi jdk.dynalink jdk.internal.ed jdk.editpad jdk.hotspot.agent jdk.httpserver jdk.internal.le jdk.internal.vm.ci jdk.internal.vm.compiler jdk.internal.vm.compiler.management jdk.jartool jdk.javadoc jdk.jcmd jdk.management jdk.management.agent jdk.jconsole jdk.jdeps jdk.jdwp.agent jdk.jdi jdk.jfr jdk.jshell jdk.jsobject jdk.jstatd jdk.localedata jdk.management.jfr jdk.naming.dns jdk.naming.rmi jdk.net jdk.nio.mapmode jdk.random jdk.sctp jdk.security.auth jdk.security.jgss jdk.unsupported jdk.unsupported.desktop jdk.xml.dom" 

Environment Variables:
PATH=C:\Program Files\Common Files\Oracle\Java\javapath;C:\WINDOWS\system32;C:\WINDOWS;C:\WINDOWS\System32\Wbem;C:\WINDOWS\System32\WindowsPowerShell\v1.0\;C:\WINDOWS\System32\OpenSSH\;C:\Program Files (x86)\GtkSharp\2.12\bin;C:\Program Files\Mono\bin;C:\xampp\mysql\bin;C:\ProgramData\chocolatey\bin;C:\Program Files\Git\cmd;C:\flutter\flutter\bin;C:\Program Files\nodejs\;C:\Users\User\AppData\Local\Programs\Python\Launcher\;C:\Users\User\AppData\Local\Microsoft\WindowsApps;C:\Users\User\AppData\Local\Programs\Microsoft VS Code\bin;C:\src\flutter\bin;C:\Program Files\JetBrains\IntelliJ IDEA 2024.3.2.2\bin;;C:\Users\User\AppData\Local\GitHubDesktop\bin;C:\Users\User\AppData\Roaming\npm
USERNAME=User
OS=Windows_NT
PROCESSOR_IDENTIFIER=Intel64 Family 6 Model 142 Stepping 9, GenuineIntel
TMP=C:\Users\User\AppData\Local\Temp
TEMP=C:\Users\User\AppData\Local\Temp




Periodic native trim disabled

---------------  S Y S T E M  ---------------

OS:
 Windows 10 , 64 bit Build 19041 (10.0.19041.5915)
OS uptime: 0 days 21:07 hours

CPU: total 4 (initial active 4) (2 cores per cpu, 2 threads per core) family 6 model 142 stepping 9 microcode 0xb4, cx8, cmov, fxsr, ht, mmx, 3dnowpref, sse, sse2, sse3, ssse3, sse4.1, sse4.2, popcnt, lzcnt, tsc, tscinvbit, avx, avx2, aes, erms, clmul, bmi1, bmi2, adx, fma, vzeroupper, clflush, clflushopt, rdtscp, f16c
Processor Information for the first 4 processors :
  Max Mhz: 2400, Current Mhz: 2400, Mhz Limit: 2400

Memory: 4k page, system-wide physical 3962M (260M free)
TotalPageFile size 16250M (AvailPageFile size 148M)
current process WorkingSet (physical memory assigned to process): 16M, peak: 316M
current process commit charge ("private bytes"): 355M, peak: 381M

vm_info: OpenJDK 64-Bit Server VM (21.0.10+7-LTS) for windows-amd64 JRE (21.0.10+7-LTS), built on 2026-01-20T00:00:00Z by "admin" with MS VC++ 17.12 (VS2022)

END.
