#
# There is insufficient memory for the Java Runtime Environment to continue.
# Native memory allocation (malloc) failed to allocate 1048576 bytes. Error detail: AllocateHeap
# Possible reasons:
#   The system is out of physical RAM or swap space
#   This process is running with CompressedOops enabled, and the Java Heap may be blocking the growth of the native heap
# Possible solutions:
#   Reduce memory load on the system
#   Increase physical memory or swap space
#   Check if swap backing store is full
#   Decrease Java heap size (-Xmx/-Xms)
#   Decrease number of Java threads
#   Decrease Java thread stack sizes (-Xss)
#   Set larger code cache with -XX:ReservedCodeCacheSize=
#   JVM is running with Unscaled Compressed Oops mode in which the Java heap is
#     placed in the first 4GB address space. The Java Heap base address is the
#     maximum limit for the native heap growth. Please use -XX:HeapBaseMinAddress
#     to set the Java Heap base and to place the Java Heap above 4GB virtual address.
# This output file may be truncated or incomplete.
#
#  Out of Memory Error (allocation.cpp:44), pid=608, tid=7028
#
# JRE version: OpenJDK Runtime Environment Temurin-21.0.10+7 (21.0.10+7) (build 21.0.10+7-LTS)
# Java VM: OpenJDK 64-Bit Server VM Temurin-21.0.10+7 (21.0.10+7-LTS, mixed mode, sharing, tiered, compressed oops, compressed class ptrs, parallel gc, windows-amd64)
# No core dump will be written. Minidumps are not enabled by default on client versions of Windows
#

---------------  S U M M A R Y ------------

Command Line: --add-modules=ALL-SYSTEM --add-opens=java.base/java.util=ALL-UNNAMED --add-opens=java.base/java.lang=ALL-UNNAMED --add-opens=java.base/sun.nio.fs=ALL-UNNAMED -Declipse.application=org.eclipse.jdt.ls.core.id1 -Dosgi.bundles.defaultStartLevel=4 -Declipse.product=org.eclipse.jdt.ls.core.product -Djava.import.generatesMetadataFilesAtProjectRoot=false -DDetectVMInstallationsJob.disabled=true -Dfile.encoding=utf8 -XX:+UseParallelGC -XX:GCTimeRatio=4 -XX:AdaptiveSizePolicyWeight=90 -Dsun.zip.disableMemoryMapping=true -Xmx2G -Xms100m -Xlog:disable -javaagent:c:\Users\User\.vscode\extensions\redhat.java-1.54.0-win32-x64\lombok\lombok-1.18.39-4050.jar -XX:+HeapDumpOnOutOfMemoryError -XX:HeapDumpPath=c:\Users\User\AppData\Roaming\Code\User\workspaceStorage\adf884907a3f265539c2f971d354893b\redhat.java -Daether.dependencyCollector.impl=bf c:\Users\User\.vscode\extensions\redhat.java-1.54.0-win32-x64\server\plugins\org.eclipse.equinox.launcher_1.7.100.v20251111-0406.jar -configuration c:\Users\User\AppData\Roaming\Code\User\globalStorage\redhat.java\1.54.0\config_win -data c:\Users\User\AppData\Roaming\Code\User\workspaceStorage\adf884907a3f265539c2f971d354893b\redhat.java\jdt_ws --pipe=\\.\pipe\lsp-e8778cfa209d5efa231b06d321ef7222-sock

Host: Intel(R) Core(TM) i3-7100U CPU @ 2.40GHz, 4 cores, 3G,  Windows 10 , 64 bit Build 19041 (10.0.19041.5915)
Time: Thu Jun  4 18:58:46 2026 Sri Lanka Standard Time elapsed time: 13979.629546 seconds (0d 3h 52m 59s)

---------------  T H R E A D  ---------------

Current thread (0x000002487d263600):  JavaThread "Attach Listener" daemon [_thread_in_vm, id=7028, stack(0x000000743d300000,0x000000743d400000) (1024K)]

Stack: [0x000000743d300000,0x000000743d400000]
Native frames: (J=compiled Java code, j=interpreted, Vv=VM code, C=native code)
V  [jvm.dll+0x6d7a39]
V  [jvm.dll+0x8b4b26]
V  [jvm.dll+0x8b70de]
V  [jvm.dll+0x8b77c3]
V  [jvm.dll+0x284346]
V  [jvm.dll+0xc1277]
V  [jvm.dll+0x6d82e9]
V  [jvm.dll+0x1334a6]
V  [jvm.dll+0x3f857e]
V  [jvm.dll+0x85f59d]
V  [jvm.dll+0x6d626d]
C  [ucrtbase.dll+0x21bb2]
C  [KERNEL32.DLL+0x17374]
C  [ntdll.dll+0x4cc91]


---------------  P R O C E S S  ---------------

Threads class SMR info:
_java_thread_list=0x0000024848944a70, length=31, elements={
0x000002486462df10, 0x000002487d25b5a0, 0x000002487d25cd00, 0x000002487d2607d0,
0x000002487d263600, 0x000002487d2651d0, 0x000002487d265c30, 0x000002487d266a70,
0x000002487d2d5260, 0x000002487e042e70, 0x000002487e28c4a0, 0x000002487e7f8f10,
0x000002487e5a36f0, 0x000002487ea59270, 0x000002487e0c35c0, 0x000002487ead8940,
0x000002487ead7c20, 0x000002487ead61e0, 0x000002487ead54c0, 0x0000024845f11e80,
0x0000024845f12ba0, 0x0000024845f117f0, 0x0000024845f13230, 0x0000024845f138c0,
0x0000024845f10ad0, 0x0000024845f11160, 0x0000024846ba1890, 0x0000024846ba60c0,
0x00000248454980c0, 0x0000024847065ee0, 0x0000024846ba6de0
}

Java Threads: ( => current thread )
  0x000002486462df10 JavaThread "main"                              [_thread_blocked, id=13404, stack(0x000000743cc00000,0x000000743cd00000) (1024K)]
  0x000002487d25b5a0 JavaThread "Reference Handler"          daemon [_thread_blocked, id=10996, stack(0x000000743d000000,0x000000743d100000) (1024K)]
  0x000002487d25cd00 JavaThread "Finalizer"                  daemon [_thread_blocked, id=12660, stack(0x000000743d100000,0x000000743d200000) (1024K)]
  0x000002487d2607d0 JavaThread "Signal Dispatcher"          daemon [_thread_blocked, id=14912, stack(0x000000743d200000,0x000000743d300000) (1024K)]
=>0x000002487d263600 JavaThread "Attach Listener"            daemon [_thread_in_vm, id=7028, stack(0x000000743d300000,0x000000743d400000) (1024K)]
  0x000002487d2651d0 JavaThread "Service Thread"             daemon [_thread_blocked, id=5948, stack(0x000000743d400000,0x000000743d500000) (1024K)]
  0x000002487d265c30 JavaThread "Monitor Deflation Thread"   daemon [_thread_blocked, id=14524, stack(0x000000743d500000,0x000000743d600000) (1024K)]
  0x000002487d266a70 JavaThread "C2 CompilerThread0"         daemon [_thread_blocked, id=10056, stack(0x000000743d600000,0x000000743d700000) (1024K)]
  0x000002487d2d5260 JavaThread "C1 CompilerThread0"         daemon [_thread_blocked, id=15632, stack(0x000000743d700000,0x000000743d800000) (1024K)]
  0x000002487e042e70 JavaThread "Common-Cleaner"             daemon [_thread_blocked, id=13816, stack(0x000000743d800000,0x000000743d900000) (1024K)]
  0x000002487e28c4a0 JavaThread "Notification Thread"        daemon [_thread_blocked, id=8864, stack(0x000000743d900000,0x000000743da00000) (1024K)]
  0x000002487e7f8f10 JavaThread "Active Thread: Equinox Container: c666a370-b24b-4e4d-9f79-0394d7dd4557"        [_thread_blocked, id=15756, stack(0x000000743e100000,0x000000743e200000) (1024K)]
  0x000002487e5a36f0 JavaThread "Framework Event Dispatcher: Equinox Container: c666a370-b24b-4e4d-9f79-0394d7dd4557" daemon [_thread_blocked, id=7708, stack(0x000000743e200000,0x000000743e300000) (1024K)]
  0x000002487ea59270 JavaThread "Start Level: Equinox Container: c666a370-b24b-4e4d-9f79-0394d7dd4557" daemon [_thread_blocked, id=12600, stack(0x000000743e300000,0x000000743e400000) (1024K)]
  0x000002487e0c35c0 JavaThread "Bundle File Closer"         daemon [_thread_blocked, id=9780, stack(0x000000743e400000,0x000000743e500000) (1024K)]
  0x000002487ead8940 JavaThread "Refresh Thread: Equinox Container: c666a370-b24b-4e4d-9f79-0394d7dd4557" daemon [_thread_blocked, id=13272, stack(0x000000743e500000,0x000000743e600000) (1024K)]
  0x000002487ead7c20 JavaThread "SCR Component Actor"        daemon [_thread_blocked, id=6500, stack(0x000000743de00000,0x000000743df00000) (1024K)]
  0x000002487ead61e0 JavaThread "Worker-JM"                         [_thread_blocked, id=16792, stack(0x000000743df00000,0x000000743e000000) (1024K)]
  0x000002487ead54c0 JavaThread "Java indexing"              daemon [_thread_blocked, id=2756, stack(0x000000743e900000,0x000000743ea00000) (1024K)]
  0x0000024845f11e80 JavaThread "JNA Cleaner"                daemon [_thread_blocked, id=17296, stack(0x000000743ea00000,0x000000743eb00000) (1024K)]
  0x0000024845f12ba0 JavaThread "Thread-1"                   daemon [_thread_in_native, id=8040, stack(0x000000743ef00000,0x000000743f000000) (1024K)]
  0x0000024845f117f0 JavaThread "Thread-2"                   daemon [_thread_in_native, id=10848, stack(0x000000743f000000,0x000000743f100000) (1024K)]
  0x0000024845f13230 JavaThread "Thread-3"                   daemon [_thread_in_native, id=13688, stack(0x000000743f100000,0x000000743f200000) (1024K)]
  0x0000024845f138c0 JavaThread "Thread-4"                   daemon [_thread_in_native, id=8244, stack(0x000000743f200000,0x000000743f300000) (1024K)]
  0x0000024845f10ad0 JavaThread "Thread-5"                   daemon [_thread_in_native, id=11680, stack(0x000000743f300000,0x000000743f400000) (1024K)]
  0x0000024845f11160 JavaThread "pool-2-thread-1"                   [_thread_blocked, id=6956, stack(0x000000743f400000,0x000000743f500000) (1024K)]
  0x0000024846ba1890 JavaThread "WorkspaceEventsHandler"            [_thread_blocked, id=736, stack(0x000000743f500000,0x000000743f600000) (1024K)]
  0x0000024846ba60c0 JavaThread "pool-1-thread-1"                   [_thread_blocked, id=13744, stack(0x000000743f600000,0x000000743f700000) (1024K)]
  0x00000248454980c0 JavaThread "Cleaner-0"                  daemon [_thread_blocked, id=5296, stack(0x0000007440200000,0x0000007440300000) (1024K)]
  0x0000024847065ee0 JavaThread "Worker-36"                         [_thread_blocked, id=18492, stack(0x000000743e800000,0x000000743e900000) (1024K)]
  0x0000024846ba6de0 JavaThread "Worker-42"                         [_thread_blocked, id=10256, stack(0x000000743ca00000,0x000000743cb00000) (1024K)]
Total: 31

Other Threads:
  0x000002486692cc00 VMThread "VM Thread"                           [id=15328, stack(0x000000743cf00000,0x000000743d000000) (1024K)]
  0x00000248668d8db0 WatcherThread "VM Periodic Task Thread"        [id=15072, stack(0x000000743ce00000,0x000000743cf00000) (1024K)]
  0x000002486688d940 WorkerThread "GC Thread#0"                     [id=13980, stack(0x000000743cd00000,0x000000743ce00000) (1024K)]
  0x000002487e485970 WorkerThread "GC Thread#1"                     [id=5456, stack(0x000000743da00000,0x000000743db00000) (1024K)]
  0x000002487e397950 WorkerThread "GC Thread#2"                     [id=2652, stack(0x000000743db00000,0x000000743dc00000) (1024K)]
  0x000002487e397d00 WorkerThread "GC Thread#3"                     [id=8264, stack(0x000000743dc00000,0x000000743dd00000) (1024K)]
Total: 6

Threads with active compile tasks:
Total: 0

VM state: not at safepoint (normal execution)

VM Mutex/Monitor currently owned by a thread: None

Heap address: 0x0000000080000000, size: 2048 MB, Compressed Oops mode: 32-bit

CDS archive(s) mapped at: [0x0000024800000000-0x0000024800ba0000-0x0000024800ba0000), size 12189696, SharedBaseAddress: 0x0000024800000000, ArchiveRelocationMode: 1.
Compressed class space mapped at: 0x0000024801000000-0x0000024841000000, reserved size: 1073741824
Narrow klass base: 0x0000024800000000, Narrow klass shift: 0, Narrow klass range: 0x100000000

GC Precious Log:
 CardTable entry size: 512
 CPUs: 4 total, 4 available
 Memory: 3962M
 Large Page Support: Disabled
 NUMA Support: Disabled
 Compressed Oops: Enabled (32-bit)
 Alignments: Space 512K, Generation 512K, Heap 2M
 Heap Min Capacity: 100M
 Heap Initial Capacity: 100M
 Heap Max Capacity: 2G
 Pre-touch: Disabled
 Parallel Workers: 4

Heap:
 PSYoungGen      total 8704K, used 3923K [0x00000000d5580000, 0x00000000d6480000, 0x0000000100000000)
  eden space 7168K, 33% used [0x00000000d5580000,0x00000000d57d4fb0,0x00000000d5c80000)
  from space 1536K, 100% used [0x00000000d6100000,0x00000000d6280000,0x00000000d6280000)
  to   space 4096K, 0% used [0x00000000d5c80000,0x00000000d5c80000,0x00000000d6080000)
 ParOldGen       total 1242112K, used 1241644K [0x0000000080000000, 0x00000000cbd00000, 0x00000000d5580000)
  object space 1242112K, 99% used [0x0000000080000000,0x00000000cbc8b308,0x00000000cbd00000)
 Metaspace       used 92163K, committed 93888K, reserved 1179648K
  class space    used 9244K, committed 9984K, reserved 1048576K

Card table byte_map: [0x0000024866240000,0x0000024866650000] _byte_map_base: 0x0000024865e40000

Marking Bits: (ParMarkBitMap*) 0x00007ffca9aa3450
 Begin Bits: [0x0000024878d20000, 0x000002487ad20000)
 End Bits:   [0x000002487ad20000, 0x000002487cd20000)

Polling page: 0x0000024866030000

Metaspace:

Usage:
  Non-class:     80.98 MB used.
      Class:      9.03 MB used.
       Both:     90.00 MB used.

Virtual space:
  Non-class space:      128.00 MB reserved,      81.94 MB ( 64%) committed,  2 nodes.
      Class space:        1.00 GB reserved,       9.75 MB ( <1%) committed,  1 nodes.
             Both:        1.12 GB reserved,      91.69 MB (  8%) committed. 

Chunk freelists:
   Non-Class:  13.88 MB
       Class:  6.25 MB
        Both:  20.13 MB

MaxMetaspaceSize: unlimited
CompressedClassSpaceSize: 1.00 GB
Initial GC threshold: 21.00 MB
Current GC threshold: 152.00 MB
CDS: on
 - commit_granule_bytes: 65536.
 - commit_granule_words: 8192.
 - virtual_space_node_default_size: 8388608.
 - enlarge_chunks_in_place: 1.
 - use_allocation_guard: 0.


Internal statistics:

num_allocs_failed_limit: 9.
num_arena_births: 1850.
num_arena_deaths: 390.
num_vsnodes_births: 3.
num_vsnodes_deaths: 0.
num_space_committed: 1467.
num_space_uncommitted: 0.
num_chunks_returned_to_freelist: 442.
num_chunks_taken_from_freelist: 6557.
num_chunk_merges: 125.
num_chunk_splits: 3765.
num_chunks_enlarged: 2105.
num_inconsistent_stats: 0.

CodeHeap 'non-profiled nmethods': size=120000Kb used=17391Kb max_used=19813Kb free=102608Kb
 bounds [0x0000024871540000, 0x00000248728a0000, 0x0000024878a70000]
CodeHeap 'profiled nmethods': size=120000Kb used=38726Kb max_used=49641Kb free=81273Kb
 bounds [0x0000024869a70000, 0x000002486caf0000, 0x0000024870fa0000]
CodeHeap 'non-nmethods': size=5760Kb used=1526Kb max_used=1697Kb free=4233Kb
 bounds [0x0000024870fa0000, 0x0000024871210000, 0x0000024871540000]
CodeCache: size=245760Kb, used=57643Kb, max_used=71151Kb, free=188114Kb
 total_blobs=17559, nmethods=16708, adapters=752, full_count=0
Compilation: enabled, stopped_count=0, restarted_count=0

Compilation events (20 events):
Event: 13275.586 Thread 0x000002487d266a70 24451       4       java.util.concurrent.locks.AbstractQueuedSynchronizer$Node::clearStatus (12 bytes)
Event: 13275.589 Thread 0x000002487d266a70 nmethod 24451 0x0000024871999110 code [0x00000248719992a0, 0x0000024871999330]
Event: 13457.470 Thread 0x000002487d2d5260 24452       3       org.eclipse.jdt.internal.codeassist.impl.AssistParser::consumeToken (364 bytes)
Event: 13457.563 Thread 0x000002487d2d5260 nmethod 24452 0x000002486aab9490 code [0x000002486aab9800, 0x000002486aabb260]
Event: 13457.563 Thread 0x000002487d2d5260 24453       3       org.eclipse.jdt.internal.codeassist.impl.AssistParser::topKnownElementKind (43 bytes)
Event: 13457.564 Thread 0x000002487d2d5260 nmethod 24453 0x000002486a7ec490 code [0x000002486a7ec640, 0x000002486a7ec8c8]
Event: 13457.567 Thread 0x000002487d2d5260 24454       3       org.eclipse.jdt.internal.codeassist.select.SelectionParser::consumeToken (474 bytes)
Event: 13457.574 Thread 0x000002487d266a70 24455       4       org.eclipse.jdt.internal.codeassist.impl.AssistParser::topKnownElementKind (7 bytes)
Event: 13457.588 Thread 0x000002487d266a70 nmethod 24455 0x000002487188c310 code [0x000002487188c4a0, 0x000002487188c598]
Event: 13457.588 Thread 0x000002487d266a70 24456       4       org.eclipse.jdt.internal.codeassist.select.SelectionParser::restartRecovery (123 bytes)
Event: 13457.910 Thread 0x000002487d2d5260 nmethod 24454 0x0000024869eafa10 code [0x0000024869eafee0, 0x0000024869eb2aa0]
Event: 13457.911 Thread 0x000002487d266a70 nmethod 24456 0x00000248718b9e10 code [0x00000248718b9fc0, 0x00000248718ba268]
Event: 13481.826 Thread 0x000002487d266a70 24457   !   4       org.eclipse.jdt.core.dom.Assignment::getLeftHandSide (60 bytes)
Event: 13481.838 Thread 0x000002487d266a70 nmethod 24457 0x00000248719bd590 code [0x00000248719bd720, 0x00000248719bd7d0]
Event: 13481.905 Thread 0x000002487d266a70 24458       4       org.eclipse.jdt.internal.corext.dom.GenericVisitor::visit (6 bytes)
Event: 13481.918 Thread 0x000002487d266a70 nmethod 24458 0x00000248719c0310 code [0x00000248719c04a0, 0x00000248719c0550]
Event: 13482.315 Thread 0x000002487d266a70 24459   !   4       java.io.File::toURI (69 bytes)
Event: 13482.617 Thread 0x000002487d266a70 nmethod 24459 0x000002487232cc10 code [0x000002487232cec0, 0x000002487232da48]
Event: 13579.439 Thread 0x000002487d266a70 24460   !   4       java.util.concurrent.locks.AbstractQueuedSynchronizer::tryInitializeHead (66 bytes)
Event: 13579.450 Thread 0x000002487d266a70 nmethod 24460 0x00000248718bab10 code [0x00000248718baca0, 0x00000248718bae78]

GC Heap History (20 events):
Event: 12905.351 GC heap before
{Heap before GC invocations=2801 (full 6):
 PSYoungGen      total 6656K, used 6112K [0x00000000d5580000, 0x00000000d6080000, 0x0000000100000000)
  eden space 3072K, 100% used [0x00000000d5580000,0x00000000d5880000,0x00000000d5880000)
  from space 3584K, 84% used [0x00000000d5c00000,0x00000000d5ef8000,0x00000000d5f80000)
  to   space 3584K, 0% used [0x00000000d5880000,0x00000000d5880000,0x00000000d5c00000)
 ParOldGen       total 1182720K, used 1182257K [0x0000000080000000, 0x00000000c8300000, 0x00000000d5580000)
  object space 1182720K, 99% used [0x0000000080000000,0x00000000c828c4b8,0x00000000c8300000)
 Metaspace       used 92157K, committed 93888K, reserved 1179648K
  class space    used 9244K, committed 9984K, reserved 1048576K
}
Event: 12905.360 GC heap after
{Heap after GC invocations=2801 (full 6):
 PSYoungGen      total 6656K, used 3040K [0x00000000d5580000, 0x00000000d5f80000, 0x0000000100000000)
  eden space 3072K, 0% used [0x00000000d5580000,0x00000000d5580000,0x00000000d5880000)
  from space 3584K, 84% used [0x00000000d5880000,0x00000000d5b78000,0x00000000d5c00000)
  to   space 3072K, 0% used [0x00000000d5c80000,0x00000000d5c80000,0x00000000d5f80000)
 ParOldGen       total 1185280K, used 1185265K [0x0000000080000000, 0x00000000c8580000, 0x00000000d5580000)
  object space 1185280K, 99% used [0x0000000080000000,0x00000000c857c4b8,0x00000000c8580000)
 Metaspace       used 92157K, committed 93888K, reserved 1179648K
  class space    used 9244K, committed 9984K, reserved 1048576K
}
Event: 12905.368 GC heap before
{Heap before GC invocations=2802 (full 6):
 PSYoungGen      total 6656K, used 6112K [0x00000000d5580000, 0x00000000d5f80000, 0x0000000100000000)
  eden space 3072K, 100% used [0x00000000d5580000,0x00000000d5880000,0x00000000d5880000)
  from space 3584K, 84% used [0x00000000d5880000,0x00000000d5b78000,0x00000000d5c00000)
  to   space 3072K, 0% used [0x00000000d5c80000,0x00000000d5c80000,0x00000000d5f80000)
 ParOldGen       total 1185280K, used 1185265K [0x0000000080000000, 0x00000000c8580000, 0x00000000d5580000)
  object space 1185280K, 99% used [0x0000000080000000,0x00000000c857c4b8,0x00000000c8580000)
 Metaspace       used 92157K, committed 93888K, reserved 1179648K
  class space    used 9244K, committed 9984K, reserved 1048576K
}
Event: 12905.375 GC heap after
{Heap after GC invocations=2802 (full 6):
 PSYoungGen      total 7168K, used 2749K [0x00000000d5580000, 0x00000000d5f80000, 0x0000000100000000)
  eden space 4096K, 0% used [0x00000000d5580000,0x00000000d5580000,0x00000000d5980000)
  from space 3072K, 89% used [0x00000000d5c80000,0x00000000d5f2f630,0x00000000d5f80000)
  to   space 3072K, 0% used [0x00000000d5980000,0x00000000d5980000,0x00000000d5c80000)
 ParOldGen       total 1188352K, used 1188241K [0x0000000080000000, 0x00000000c8880000, 0x00000000d5580000)
  object space 1188352K, 99% used [0x0000000080000000,0x00000000c88644b8,0x00000000c8880000)
 Metaspace       used 92157K, committed 93888K, reserved 1179648K
  class space    used 9244K, committed 9984K, reserved 1048576K
}
Event: 12905.383 GC heap before
{Heap before GC invocations=2803 (full 6):
 PSYoungGen      total 7168K, used 6845K [0x00000000d5580000, 0x00000000d5f80000, 0x0000000100000000)
  eden space 4096K, 100% used [0x00000000d5580000,0x00000000d5980000,0x00000000d5980000)
  from space 3072K, 89% used [0x00000000d5c80000,0x00000000d5f2f630,0x00000000d5f80000)
  to   space 3072K, 0% used [0x00000000d5980000,0x00000000d5980000,0x00000000d5c80000)
 ParOldGen       total 1188352K, used 1188241K [0x0000000080000000, 0x00000000c8880000, 0x00000000d5580000)
  object space 1188352K, 99% used [0x0000000080000000,0x00000000c88644b8,0x00000000c8880000)
 Metaspace       used 92157K, committed 93888K, reserved 1179648K
  class space    used 9244K, committed 9984K, reserved 1048576K
}
Event: 12905.390 GC heap after
{Heap after GC invocations=2803 (full 6):
 PSYoungGen      total 7168K, used 3050K [0x00000000d5580000, 0x00000000d6980000, 0x0000000100000000)
  eden space 4096K, 0% used [0x00000000d5580000,0x00000000d5580000,0x00000000d5980000)
  from space 3072K, 99% used [0x00000000d5980000,0x00000000d5c7aab0,0x00000000d5c80000)
  to   space 7680K, 0% used [0x00000000d6200000,0x00000000d6200000,0x00000000d6980000)
 ParOldGen       total 1191936K, used 1191860K [0x0000000080000000, 0x00000000c8c00000, 0x00000000d5580000)
  object space 1191936K, 99% used [0x0000000080000000,0x00000000c8bed3f0,0x00000000c8c00000)
 Metaspace       used 92157K, committed 93888K, reserved 1179648K
  class space    used 9244K, committed 9984K, reserved 1048576K
}
Event: 12905.414 GC heap before
{Heap before GC invocations=2804 (full 6):
 PSYoungGen      total 7168K, used 6894K [0x00000000d5580000, 0x00000000d6980000, 0x0000000100000000)
  eden space 4096K, 93% used [0x00000000d5580000,0x00000000d5941078,0x00000000d5980000)
  from space 3072K, 99% used [0x00000000d5980000,0x00000000d5c7aab0,0x00000000d5c80000)
  to   space 7680K, 0% used [0x00000000d6200000,0x00000000d6200000,0x00000000d6980000)
 ParOldGen       total 1191936K, used 1191860K [0x0000000080000000, 0x00000000c8c00000, 0x00000000d5580000)
  object space 1191936K, 99% used [0x0000000080000000,0x00000000c8bed3f0,0x00000000c8c00000)
 Metaspace       used 92157K, committed 93888K, reserved 1179648K
  class space    used 9244K, committed 9984K, reserved 1048576K
}
Event: 12905.422 GC heap after
{Heap after GC invocations=2804 (full 6):
 PSYoungGen      total 7680K, used 2528K [0x00000000d5580000, 0x00000000d6480000, 0x0000000100000000)
  eden space 5120K, 0% used [0x00000000d5580000,0x00000000d5580000,0x00000000d5a80000)
  from space 2560K, 98% used [0x00000000d6200000,0x00000000d6478000,0x00000000d6480000)
  to   space 4096K, 0% used [0x00000000d5c80000,0x00000000d5c80000,0x00000000d6080000)
 ParOldGen       total 1195008K, used 1194919K [0x0000000080000000, 0x00000000c8f00000, 0x00000000d5580000)
  object space 1195008K, 99% used [0x0000000080000000,0x00000000c8ee9d68,0x00000000c8f00000)
 Metaspace       used 92157K, committed 93888K, reserved 1179648K
  class space    used 9244K, committed 9984K, reserved 1048576K
}
Event: 12905.490 GC heap before
{Heap before GC invocations=2805 (full 6):
 PSYoungGen      total 7680K, used 7648K [0x00000000d5580000, 0x00000000d6480000, 0x0000000100000000)
  eden space 5120K, 100% used [0x00000000d5580000,0x00000000d5a80000,0x00000000d5a80000)
  from space 2560K, 98% used [0x00000000d6200000,0x00000000d6478000,0x00000000d6480000)
  to   space 4096K, 0% used [0x00000000d5c80000,0x00000000d5c80000,0x00000000d6080000)
 ParOldGen       total 1226752K, used 1225639K [0x0000000080000000, 0x00000000cae00000, 0x00000000d5580000)
  object space 1226752K, 99% used [0x0000000080000000,0x00000000cace9d98,0x00000000cae00000)
 Metaspace       used 92158K, committed 93888K, reserved 1179648K
  class space    used 9244K, committed 9984K, reserved 1048576K
}
Event: 12905.501 GC heap after
{Heap after GC invocations=2805 (full 6):
 PSYoungGen      total 10240K, used 4068K [0x00000000d5580000, 0x00000000d6880000, 0x0000000100000000)
  eden space 6144K, 0% used [0x00000000d5580000,0x00000000d5580000,0x00000000d5b80000)
  from space 4096K, 99% used [0x00000000d5c80000,0x00000000d60792c0,0x00000000d6080000)
  to   space 6656K, 0% used [0x00000000d6200000,0x00000000d6200000,0x00000000d6880000)
 ParOldGen       total 1227776K, used 1227471K [0x0000000080000000, 0x00000000caf00000, 0x00000000d5580000)
  object space 1227776K, 99% used [0x0000000080000000,0x00000000caeb3d98,0x00000000caf00000)
 Metaspace       used 92158K, committed 93888K, reserved 1179648K
  class space    used 9244K, committed 9984K, reserved 1048576K
}
Event: 12905.518 GC heap before
{Heap before GC invocations=2806 (full 6):
 PSYoungGen      total 10240K, used 10212K [0x00000000d5580000, 0x00000000d6880000, 0x0000000100000000)
  eden space 6144K, 100% used [0x00000000d5580000,0x00000000d5b80000,0x00000000d5b80000)
  from space 4096K, 99% used [0x00000000d5c80000,0x00000000d60792c0,0x00000000d6080000)
  to   space 6656K, 0% used [0x00000000d6200000,0x00000000d6200000,0x00000000d6880000)
 ParOldGen       total 1227776K, used 1227471K [0x0000000080000000, 0x00000000caf00000, 0x00000000d5580000)
  object space 1227776K, 99% used [0x0000000080000000,0x00000000caeb3d98,0x00000000caf00000)
 Metaspace       used 92158K, committed 93888K, reserved 1179648K
  class space    used 9244K, committed 9984K, reserved 1048576K
}
Event: 12905.529 GC heap after
{Heap after GC invocations=2806 (full 6):
 PSYoungGen      total 13312K, used 5376K [0x00000000d5580000, 0x00000000d6800000, 0x0000000100000000)
  eden space 7168K, 0% used [0x00000000d5580000,0x00000000d5580000,0x00000000d5c80000)
  from space 6144K, 87% used [0x00000000d6200000,0x00000000d6740000,0x00000000d6800000)
  to   space 5632K, 0% used [0x00000000d5c80000,0x00000000d5c80000,0x00000000d6200000)
 ParOldGen       total 1231872K, used 1231484K [0x0000000080000000, 0x00000000cb300000, 0x00000000d5580000)
  object space 1231872K, 99% used [0x0000000080000000,0x00000000cb29f058,0x00000000cb300000)
 Metaspace       used 92158K, committed 93888K, reserved 1179648K
  class space    used 9244K, committed 9984K, reserved 1048576K
}
Event: 12906.311 GC heap before
{Heap before GC invocations=2807 (full 6):
 PSYoungGen      total 13312K, used 12544K [0x00000000d5580000, 0x00000000d6800000, 0x0000000100000000)
  eden space 7168K, 100% used [0x00000000d5580000,0x00000000d5c80000,0x00000000d5c80000)
  from space 6144K, 87% used [0x00000000d6200000,0x00000000d6740000,0x00000000d6800000)
  to   space 5632K, 0% used [0x00000000d5c80000,0x00000000d5c80000,0x00000000d6200000)
 ParOldGen       total 1231872K, used 1231484K [0x0000000080000000, 0x00000000cb300000, 0x00000000d5580000)
  object space 1231872K, 99% used [0x0000000080000000,0x00000000cb29f058,0x00000000cb300000)
 Metaspace       used 92158K, committed 93888K, reserved 1179648K
  class space    used 9244K, committed 9984K, reserved 1048576K
}
Event: 12906.335 GC heap after
{Heap after GC invocations=2807 (full 6):
 PSYoungGen      total 12800K, used 3264K [0x00000000d5580000, 0x00000000d6600000, 0x0000000100000000)
  eden space 7168K, 0% used [0x00000000d5580000,0x00000000d5580000,0x00000000d5c80000)
  from space 5632K, 57% used [0x00000000d5c80000,0x00000000d5fb0290,0x00000000d6200000)
  to   space 4096K, 0% used [0x00000000d6200000,0x00000000d6200000,0x00000000d6600000)
 ParOldGen       total 1236992K, used 1236868K [0x0000000080000000, 0x00000000cb800000, 0x00000000d5580000)
  object space 1236992K, 99% used [0x0000000080000000,0x00000000cb7e1058,0x00000000cb800000)
 Metaspace       used 92158K, committed 93888K, reserved 1179648K
  class space    used 9244K, committed 9984K, reserved 1048576K
}
Event: 13014.421 GC heap before
{Heap before GC invocations=2808 (full 6):
 PSYoungGen      total 12800K, used 10432K [0x00000000d5580000, 0x00000000d6600000, 0x0000000100000000)
  eden space 7168K, 100% used [0x00000000d5580000,0x00000000d5c80000,0x00000000d5c80000)
  from space 5632K, 57% used [0x00000000d5c80000,0x00000000d5fb0290,0x00000000d6200000)
  to   space 4096K, 0% used [0x00000000d6200000,0x00000000d6200000,0x00000000d6600000)
 ParOldGen       total 1236992K, used 1236868K [0x0000000080000000, 0x00000000cb800000, 0x00000000d5580000)
  object space 1236992K, 99% used [0x0000000080000000,0x00000000cb7e1058,0x00000000cb800000)
 Metaspace       used 92159K, committed 93888K, reserved 1179648K
  class space    used 9244K, committed 9984K, reserved 1048576K
}
Event: 13014.433 GC heap after
{Heap after GC invocations=2808 (full 6):
 PSYoungGen      total 7680K, used 96K [0x00000000d5580000, 0x00000000d6280000, 0x0000000100000000)
  eden space 7168K, 0% used [0x00000000d5580000,0x00000000d5580000,0x00000000d5c80000)
  from space 512K, 18% used [0x00000000d6200000,0x00000000d6218000,0x00000000d6280000)
  to   space 1536K, 0% used [0x00000000d5f80000,0x00000000d5f80000,0x00000000d6100000)
 ParOldGen       total 1239040K, used 1238924K [0x0000000080000000, 0x00000000cba00000, 0x00000000d5580000)
  object space 1239040K, 99% used [0x0000000080000000,0x00000000cb9e3058,0x00000000cba00000)
 Metaspace       used 92159K, committed 93888K, reserved 1179648K
  class space    used 9244K, committed 9984K, reserved 1048576K
}
Event: 13458.475 GC heap before
{Heap before GC invocations=2809 (full 6):
 PSYoungGen      total 7680K, used 7264K [0x00000000d5580000, 0x00000000d6280000, 0x0000000100000000)
  eden space 7168K, 100% used [0x00000000d5580000,0x00000000d5c80000,0x00000000d5c80000)
  from space 512K, 18% used [0x00000000d6200000,0x00000000d6218000,0x00000000d6280000)
  to   space 1536K, 0% used [0x00000000d5f80000,0x00000000d5f80000,0x00000000d6100000)
 ParOldGen       total 1239040K, used 1238924K [0x0000000080000000, 0x00000000cba00000, 0x00000000d5580000)
  object space 1239040K, 99% used [0x0000000080000000,0x00000000cb9e3058,0x00000000cba00000)
 Metaspace       used 92163K, committed 93888K, reserved 1179648K
  class space    used 9244K, committed 9984K, reserved 1048576K
}
Event: 13459.268 GC heap after
{Heap after GC invocations=2809 (full 6):
 PSYoungGen      total 8704K, used 1510K [0x00000000d5580000, 0x00000000d6280000, 0x0000000100000000)
  eden space 7168K, 0% used [0x00000000d5580000,0x00000000d5580000,0x00000000d5c80000)
  from space 1536K, 98% used [0x00000000d5f80000,0x00000000d60f9848,0x00000000d6100000)
  to   space 1536K, 0% used [0x00000000d6100000,0x00000000d6100000,0x00000000d6280000)
 ParOldGen       total 1240064K, used 1239684K [0x0000000080000000, 0x00000000cbb00000, 0x00000000d5580000)
  object space 1240064K, 99% used [0x0000000080000000,0x00000000cbaa11c0,0x00000000cbb00000)
 Metaspace       used 92163K, committed 93888K, reserved 1179648K
  class space    used 9244K, committed 9984K, reserved 1048576K
}
Event: 13481.700 GC heap before
{Heap before GC invocations=2810 (full 6):
 PSYoungGen      total 8704K, used 8678K [0x00000000d5580000, 0x00000000d6280000, 0x0000000100000000)
  eden space 7168K, 100% used [0x00000000d5580000,0x00000000d5c80000,0x00000000d5c80000)
  from space 1536K, 98% used [0x00000000d5f80000,0x00000000d60f9848,0x00000000d6100000)
  to   space 1536K, 0% used [0x00000000d6100000,0x00000000d6100000,0x00000000d6280000)
 ParOldGen       total 1240064K, used 1239684K [0x0000000080000000, 0x00000000cbb00000, 0x00000000d5580000)
  object space 1240064K, 99% used [0x0000000080000000,0x00000000cbaa11c0,0x00000000cbb00000)
 Metaspace       used 92163K, committed 93888K, reserved 1179648K
  class space    used 9244K, committed 9984K, reserved 1048576K
}
Event: 13481.724 GC heap after
{Heap after GC invocations=2810 (full 6):
 PSYoungGen      total 8704K, used 1536K [0x00000000d5580000, 0x00000000d6480000, 0x0000000100000000)
  eden space 7168K, 0% used [0x00000000d5580000,0x00000000d5580000,0x00000000d5c80000)
  from space 1536K, 100% used [0x00000000d6100000,0x00000000d6280000,0x00000000d6280000)
  to   space 4096K, 0% used [0x00000000d5c80000,0x00000000d5c80000,0x00000000d6080000)
 ParOldGen       total 1242112K, used 1241644K [0x0000000080000000, 0x00000000cbd00000, 0x00000000d5580000)
  object space 1242112K, 99% used [0x0000000080000000,0x00000000cbc8b308,0x00000000cbd00000)
 Metaspace       used 92163K, committed 93888K, reserved 1179648K
  class space    used 9244K, committed 9984K, reserved 1048576K
}

Dll operation events (14 events):
Event: 0.029 Loaded shared library c:\Users\User\.vscode\extensions\redhat.java-1.54.0-win32-x64\jre\21.0.10-win32-x86_64\bin\java.dll
Event: 0.451 Loaded shared library c:\Users\User\.vscode\extensions\redhat.java-1.54.0-win32-x64\jre\21.0.10-win32-x86_64\bin\zip.dll
Event: 0.625 Loaded shared library C:\Users\User\.vscode\extensions\redhat.java-1.54.0-win32-x64\jre\21.0.10-win32-x86_64\bin\instrument.dll
Event: 0.638 Loaded shared library C:\Users\User\.vscode\extensions\redhat.java-1.54.0-win32-x64\jre\21.0.10-win32-x86_64\bin\net.dll
Event: 0.641 Loaded shared library C:\Users\User\.vscode\extensions\redhat.java-1.54.0-win32-x64\jre\21.0.10-win32-x86_64\bin\nio.dll
Event: 0.657 Loaded shared library C:\Users\User\.vscode\extensions\redhat.java-1.54.0-win32-x64\jre\21.0.10-win32-x86_64\bin\zip.dll
Event: 0.696 Loaded shared library C:\Users\User\.vscode\extensions\redhat.java-1.54.0-win32-x64\jre\21.0.10-win32-x86_64\bin\jimage.dll
Event: 0.995 Loaded shared library c:\Users\User\.vscode\extensions\redhat.java-1.54.0-win32-x64\jre\21.0.10-win32-x86_64\bin\verify.dll
Event: 7.585 Loaded shared library C:\Users\User\AppData\Roaming\Code\User\globalStorage\redhat.java\1.54.0\config_win\org.eclipse.equinox.launcher\org.eclipse.equinox.launcher.win32.win32.x86_64_1.3.0.v20260203-2149\eclipse_11919.dll
Event: 22.488 Loaded shared library C:\Users\User\.vscode\extensions\redhat.java-1.54.0-win32-x64\jre\21.0.10-win32-x86_64\bin\management.dll
Event: 22.494 Loaded shared library C:\Users\User\.vscode\extensions\redhat.java-1.54.0-win32-x64\jre\21.0.10-win32-x86_64\bin\management_ext.dll
Event: 26.957 Loaded shared library C:\Users\User\AppData\Local\Temp\jna-2645995\jna16304201469191695396.dll
Event: 27.537 Loaded shared library C:\Users\User\.vscode\extensions\redhat.java-1.54.0-win32-x64\jre\21.0.10-win32-x86_64\bin\sunmscapi.dll
Event: 28.701 Loaded shared library C:\Users\User\.vscode\extensions\redhat.java-1.54.0-win32-x64\jre\21.0.10-win32-x86_64\bin\extnet.dll

Deoptimization events (20 events):
Event: 12906.238 Thread 0x0000024847067290 Uncommon trap: trap_request=0xffffff45 fr.pc=0x00000248725c3bb4 relative=0x0000000000000094
Event: 12906.238 Thread 0x0000024847067290 Uncommon trap: reason=unstable_if action=reinterpret pc=0x00000248725c3bb4 method=org.eclipse.jdt.internal.codeassist.impl.AssistParser.topKnownElementKind(II)I @ 20 c2
Event: 12906.238 Thread 0x0000024847067290 DEOPT PACKING pc=0x00000248725c3bb4 sp=0x000000743e7fe610
Event: 12906.238 Thread 0x0000024847067290 DEOPT UNPACKING pc=0x0000024870ff3aa2 sp=0x000000743e7fe5a8 mode 2
Event: 12906.239 Thread 0x0000024847067290 Uncommon trap: trap_request=0xffffff45 fr.pc=0x0000024872577620 relative=0x00000000000004c0
Event: 12906.239 Thread 0x0000024847067290 Uncommon trap: reason=unstable_if action=reinterpret pc=0x0000024872577620 method=org.eclipse.jdt.internal.codeassist.impl.AssistParser.isInsideMethod()Z @ 14 c2
Event: 12906.239 Thread 0x0000024847067290 DEOPT PACKING pc=0x0000024872577620 sp=0x000000743e7fe670
Event: 12906.240 Thread 0x0000024847067290 DEOPT UNPACKING pc=0x0000024870ff3aa2 sp=0x000000743e7fe5a8 mode 2
Event: 12906.241 Thread 0x0000024847067290 Uncommon trap: trap_request=0xffffff45 fr.pc=0x0000024872457990 relative=0x00000000000000f0
Event: 12906.242 Thread 0x0000024847067290 Uncommon trap: reason=unstable_if action=reinterpret pc=0x0000024872457990 method=org.eclipse.jdt.internal.codeassist.impl.AssistParser.isInsideFieldInitialization()Z @ 14 c2
Event: 12906.242 Thread 0x0000024847067290 DEOPT PACKING pc=0x0000024872457990 sp=0x000000743e7fe610
Event: 12906.242 Thread 0x0000024847067290 DEOPT UNPACKING pc=0x0000024870ff3aa2 sp=0x000000743e7fe5a8 mode 2
Event: 12906.242 Thread 0x0000024847067290 Uncommon trap: trap_request=0xffffff45 fr.pc=0x0000024872621d18 relative=0x0000000000000438
Event: 12906.242 Thread 0x0000024847067290 Uncommon trap: reason=unstable_if action=reinterpret pc=0x0000024872621d18 method=org.eclipse.jdt.internal.codeassist.impl.AssistParser.isInsideMethod()Z @ 14 c2
Event: 12906.243 Thread 0x0000024847067290 DEOPT PACKING pc=0x0000024872621d18 sp=0x000000743e7fe6b0
Event: 12906.243 Thread 0x0000024847067290 DEOPT UNPACKING pc=0x0000024870ff3aa2 sp=0x000000743e7fe5d8 mode 2
Event: 12906.244 Thread 0x0000024847067290 Uncommon trap: trap_request=0xffffff45 fr.pc=0x0000024872431d94 relative=0x00000000000000f4
Event: 12906.244 Thread 0x0000024847067290 Uncommon trap: reason=unstable_if action=reinterpret pc=0x0000024872431d94 method=org.eclipse.jdt.internal.codeassist.impl.AssistParser.isInsideMethod()Z @ 14 c2
Event: 12906.244 Thread 0x0000024847067290 DEOPT PACKING pc=0x0000024872431d94 sp=0x000000743e7fe630
Event: 12906.245 Thread 0x0000024847067290 DEOPT UNPACKING pc=0x0000024870ff3aa2 sp=0x000000743e7fe5c8 mode 2

Classes loaded (20 events):
Event: 12757.838 Loading class jdk/internal/module/IllegalAccessLogger
Event: 12757.838 Loading class jdk/internal/module/IllegalAccessLogger done
Event: 12800.734 Loading class jdk/internal/module/IllegalAccessLogger
Event: 12800.734 Loading class jdk/internal/module/IllegalAccessLogger done
Event: 12802.652 Loading class jdk/internal/module/IllegalAccessLogger
Event: 12802.652 Loading class jdk/internal/module/IllegalAccessLogger done
Event: 12807.857 Loading class jdk/internal/module/IllegalAccessLogger
Event: 12807.857 Loading class jdk/internal/module/IllegalAccessLogger done
Event: 12841.478 Loading class jdk/internal/module/IllegalAccessLogger
Event: 12841.478 Loading class jdk/internal/module/IllegalAccessLogger done
Event: 12843.525 Loading class jdk/internal/module/IllegalAccessLogger
Event: 12843.525 Loading class jdk/internal/module/IllegalAccessLogger done
Event: 12862.110 Loading class jdk/internal/module/IllegalAccessLogger
Event: 12862.110 Loading class jdk/internal/module/IllegalAccessLogger done
Event: 12893.885 Loading class jdk/internal/module/IllegalAccessLogger
Event: 12893.885 Loading class jdk/internal/module/IllegalAccessLogger done
Event: 12895.844 Loading class jdk/internal/module/IllegalAccessLogger
Event: 12895.844 Loading class jdk/internal/module/IllegalAccessLogger done
Event: 12905.396 Loading class jdk/internal/module/IllegalAccessLogger
Event: 12905.396 Loading class jdk/internal/module/IllegalAccessLogger done

Classes unloaded (20 events):
Event: 3388.454 Thread 0x000002486692cc00 Unloading class 0x00000248018cf000 'java/lang/invoke/LambdaForm$MH+0x00000248018cf000'
Event: 3388.454 Thread 0x000002486692cc00 Unloading class 0x00000248018cec00 'java/lang/invoke/LambdaForm$MH+0x00000248018cec00'
Event: 3388.454 Thread 0x000002486692cc00 Unloading class 0x00000248018ce800 'java/lang/invoke/LambdaForm$MH+0x00000248018ce800'
Event: 3388.454 Thread 0x000002486692cc00 Unloading class 0x00000248018ce400 'java/lang/invoke/LambdaForm$MH+0x00000248018ce400'
Event: 3388.454 Thread 0x000002486692cc00 Unloading class 0x00000248018ce000 'java/lang/invoke/LambdaForm$MH+0x00000248018ce000'
Event: 3388.454 Thread 0x000002486692cc00 Unloading class 0x00000248018cdc00 'java/lang/invoke/LambdaForm$MH+0x00000248018cdc00'
Event: 3388.454 Thread 0x000002486692cc00 Unloading class 0x00000248018cd800 'java/lang/invoke/LambdaForm$MH+0x00000248018cd800'
Event: 3388.454 Thread 0x000002486692cc00 Unloading class 0x00000248018cd000 'java/lang/invoke/LambdaForm$MH+0x00000248018cd000'
Event: 3388.454 Thread 0x000002486692cc00 Unloading class 0x00000248018cc800 'java/lang/invoke/LambdaForm$MH+0x00000248018cc800'
Event: 3388.454 Thread 0x000002486692cc00 Unloading class 0x00000248018cc400 'java/lang/invoke/LambdaForm$MH+0x00000248018cc400'
Event: 3388.454 Thread 0x000002486692cc00 Unloading class 0x00000248018cc000 'java/lang/invoke/LambdaForm$MH+0x00000248018cc000'
Event: 3388.454 Thread 0x000002486692cc00 Unloading class 0x0000024801680c00 'java/lang/invoke/LambdaForm$MH+0x0000024801680c00'
Event: 3388.454 Thread 0x000002486692cc00 Unloading class 0x0000024801680000 'java/lang/invoke/LambdaForm$MH+0x0000024801680000'
Event: 3388.455 Thread 0x000002486692cc00 Unloading class 0x000002480167f800 'java/lang/invoke/LambdaForm$MH+0x000002480167f800'
Event: 3388.455 Thread 0x000002486692cc00 Unloading class 0x000002480167f400 'java/lang/invoke/LambdaForm$MH+0x000002480167f400'
Event: 3388.455 Thread 0x000002486692cc00 Unloading class 0x000002480167f000 'java/lang/invoke/LambdaForm$MH+0x000002480167f000'
Event: 4137.716 Thread 0x000002486692cc00 Unloading class 0x0000024801784400 'java/lang/invoke/LambdaForm$MH+0x0000024801784400'
Event: 4137.716 Thread 0x000002486692cc00 Unloading class 0x0000024801784000 'java/lang/invoke/LambdaForm$MH+0x0000024801784000'
Event: 4137.717 Thread 0x000002486692cc00 Unloading class 0x00000248011b4c00 'java/lang/invoke/LambdaForm$MH+0x00000248011b4c00'
Event: 4137.717 Thread 0x000002486692cc00 Unloading class 0x00000248011b4800 'java/lang/invoke/LambdaForm$MH+0x00000248011b4800'

Classes redefined (0 events):
No events

Internal exceptions (20 events):
Event: 12800.513 Thread 0x000002487ead54c0 Exception <a 'sun/nio/fs/WindowsException'{0x00000000d57f7c58}> (0x00000000d57f7c58) 
thrown [s\src\hotspot\share\prims\jni.cpp, line 520]
Event: 12801.170 Thread 0x000002487ead54c0 Exception <a 'sun/nio/fs/WindowsException'{0x00000000d56b1770}> (0x00000000d56b1770) 
thrown [s\src\hotspot\share\prims\jni.cpp, line 520]
Event: 12802.488 Thread 0x000002487ead54c0 Exception <a 'sun/nio/fs/WindowsException'{0x00000000d56690a0}> (0x00000000d56690a0) 
thrown [s\src\hotspot\share\prims\jni.cpp, line 520]
Event: 12803.067 Thread 0x000002487ead54c0 Exception <a 'sun/nio/fs/WindowsException'{0x00000000d5a46eb8}> (0x00000000d5a46eb8) 
thrown [s\src\hotspot\share\prims\jni.cpp, line 520]
Event: 12807.647 Thread 0x000002487ead54c0 Exception <a 'sun/nio/fs/WindowsException'{0x00000000d5968848}> (0x00000000d5968848) 
thrown [s\src\hotspot\share\prims\jni.cpp, line 520]
Event: 12808.079 Thread 0x000002487ead54c0 Exception <a 'sun/nio/fs/WindowsException'{0x00000000d5614f90}> (0x00000000d5614f90) 
thrown [s\src\hotspot\share\prims\jni.cpp, line 520]
Event: 12841.328 Thread 0x000002487ead54c0 Exception <a 'sun/nio/fs/WindowsException'{0x00000000d573c0d0}> (0x00000000d573c0d0) 
thrown [s\src\hotspot\share\prims\jni.cpp, line 520]
Event: 12841.982 Thread 0x000002487ead54c0 Exception <a 'sun/nio/fs/WindowsException'{0x00000000d56b0760}> (0x00000000d56b0760) 
thrown [s\src\hotspot\share\prims\jni.cpp, line 520]
Event: 12843.357 Thread 0x000002487ead54c0 Exception <a 'sun/nio/fs/WindowsException'{0x00000000d57cd8e0}> (0x00000000d57cd8e0) 
thrown [s\src\hotspot\share\prims\jni.cpp, line 520]
Event: 12843.847 Thread 0x000002487ead54c0 Exception <a 'sun/nio/fs/WindowsException'{0x00000000d56afe48}> (0x00000000d56afe48) 
thrown [s\src\hotspot\share\prims\jni.cpp, line 520]
Event: 12861.554 Thread 0x000002487ead54c0 Exception <a 'sun/nio/fs/WindowsException'{0x00000000d56cc508}> (0x00000000d56cc508) 
thrown [s\src\hotspot\share\prims\jni.cpp, line 520]
Event: 12861.890 Thread 0x000002487ead54c0 Exception <a 'sun/nio/fs/WindowsException'{0x00000000d565c780}> (0x00000000d565c780) 
thrown [s\src\hotspot\share\prims\jni.cpp, line 520]
Event: 12893.630 Thread 0x000002487ead54c0 Exception <a 'sun/nio/fs/WindowsException'{0x00000000d5847598}> (0x00000000d5847598) 
thrown [s\src\hotspot\share\prims\jni.cpp, line 520]
Event: 12894.314 Thread 0x000002487ead54c0 Exception <a 'sun/nio/fs/WindowsException'{0x00000000d5593f70}> (0x00000000d5593f70) 
thrown [s\src\hotspot\share\prims\jni.cpp, line 520]
Event: 12895.650 Thread 0x000002487ead54c0 Exception <a 'sun/nio/fs/WindowsException'{0x00000000d566d078}> (0x00000000d566d078) 
thrown [s\src\hotspot\share\prims\jni.cpp, line 520]
Event: 12896.246 Thread 0x000002487ead54c0 Exception <a 'sun/nio/fs/WindowsException'{0x00000000d5603d40}> (0x00000000d5603d40) 
thrown [s\src\hotspot\share\prims\jni.cpp, line 520]
Event: 12905.282 Thread 0x000002487ead54c0 Exception <a 'sun/nio/fs/WindowsException'{0x00000000d5625b08}> (0x00000000d5625b08) 
thrown [s\src\hotspot\share\prims\jni.cpp, line 520]
Event: 12905.600 Thread 0x000002487ead54c0 Exception <a 'sun/nio/fs/WindowsException'{0x00000000d58c3668}> (0x00000000d58c3668) 
thrown [s\src\hotspot\share\prims\jni.cpp, line 520]
Event: 13042.282 Thread 0x0000024847067920 Exception <a 'sun/nio/fs/WindowsException'{0x00000000d56dd1b8}> (0x00000000d56dd1b8) 
thrown [s\src\hotspot\share\prims\jni.cpp, line 520]
Event: 13042.335 Thread 0x0000024847067920 Exception <a 'sun/nio/fs/WindowsException'{0x00000000d56ddf20}> (0x00000000d56ddf20) 
thrown [s\src\hotspot\share\prims\jni.cpp, line 520]

ZGC Phase Switch (0 events):
No events

VM Operations (20 events):
Event: 13458.463 Executing safepoint VM operation: ParallelGCFailedAllocation (Allocation Failure)
Event: 13459.268 Executing safepoint VM operation: ParallelGCFailedAllocation (Allocation Failure) done
Event: 13474.351 Executing safepoint VM operation: Cleanup
Event: 13474.368 Executing safepoint VM operation: Cleanup done
Event: 13481.700 Executing safepoint VM operation: ParallelGCFailedAllocation (Allocation Failure)
Event: 13481.724 Executing safepoint VM operation: ParallelGCFailedAllocation (Allocation Failure) done
Event: 13490.724 Executing non-safepoint VM operation: HandshakeAllThreads (HandshakeForDeflation)
Event: 13490.734 Executing non-safepoint VM operation: HandshakeAllThreads (HandshakeForDeflation) done
Event: 13490.734 Executing non-safepoint VM operation: RendezvousGCThreads
Event: 13490.734 Executing non-safepoint VM operation: RendezvousGCThreads done
Event: 13691.520 Executing safepoint VM operation: Cleanup
Event: 13691.533 Executing safepoint VM operation: Cleanup done
Event: 13791.380 Executing non-safepoint VM operation: HandshakeAllThreads (HandshakeForDeflation)
Event: 13791.386 Executing non-safepoint VM operation: HandshakeAllThreads (HandshakeForDeflation) done
Event: 13791.392 Executing non-safepoint VM operation: RendezvousGCThreads
Event: 13791.392 Executing non-safepoint VM operation: RendezvousGCThreads done
Event: 13851.497 Executing non-safepoint VM operation: HandshakeAllThreads (HandshakeForDeflation)
Event: 13851.500 Executing non-safepoint VM operation: HandshakeAllThreads (HandshakeForDeflation) done
Event: 13851.509 Executing non-safepoint VM operation: RendezvousGCThreads
Event: 13851.509 Executing non-safepoint VM operation: RendezvousGCThreads done

Memory protections (0 events):
No events

Nmethod flushes (20 events):
Event: 4140.287 Thread 0x000002486692cc00 flushing  nmethod 0x000002486c761990
Event: 4140.287 Thread 0x000002486692cc00 flushing  nmethod 0x000002486c77d110
Event: 4140.287 Thread 0x000002486692cc00 flushing  nmethod 0x000002486c784110
Event: 4140.287 Thread 0x000002486692cc00 flushing  nmethod 0x000002486c78f790
Event: 4140.287 Thread 0x000002486692cc00 flushing  nmethod 0x000002486c7cd210
Event: 4140.287 Thread 0x000002486692cc00 flushing  nmethod 0x000002486c7cda10
Event: 4140.287 Thread 0x000002486692cc00 flushing  nmethod 0x000002486c7cff90
Event: 4140.287 Thread 0x000002486692cc00 flushing  nmethod 0x000002486c7d0c90
Event: 4140.287 Thread 0x000002486692cc00 flushing  nmethod 0x000002486c7d1510
Event: 4140.288 Thread 0x000002486692cc00 flushing  nmethod 0x000002486c7d2a10
Event: 4140.288 Thread 0x000002486692cc00 flushing  nmethod 0x000002486c7e4310
Event: 4140.288 Thread 0x000002486692cc00 flushing  nmethod 0x000002486c7ec810
Event: 4140.288 Thread 0x000002486692cc00 flushing  nmethod 0x000002486c7fe090
Event: 4140.288 Thread 0x000002486692cc00 flushing  nmethod 0x000002486c83cb10
Event: 4140.288 Thread 0x000002486692cc00 flushing  nmethod 0x000002486c8d1790
Event: 4140.288 Thread 0x000002486692cc00 flushing  nmethod 0x000002486c930990
Event: 4140.288 Thread 0x000002486692cc00 flushing  nmethod 0x000002486c932f90
Event: 4140.288 Thread 0x000002486692cc00 flushing  nmethod 0x000002486c97f210
Event: 4140.289 Thread 0x000002486692cc00 flushing  nmethod 0x000002486c993f10
Event: 4140.289 Thread 0x000002486692cc00 flushing  nmethod 0x000002486ca07010

Events (20 events):
Event: 13026.412 Thread 0x0000024847063780 Thread exited: 0x0000024847063780
Event: 13042.158 Thread 0x0000024847067920 Thread added: 0x0000024846ba32d0
Event: 13042.173 Thread 0x0000024846ba32d0 Thread exited: 0x0000024846ba32d0
Event: 13042.507 Thread 0x0000024847067920 Thread added: 0x0000024846ba32d0
Event: 13042.509 Thread 0x0000024846ba32d0 Thread exited: 0x0000024846ba32d0
Event: 13086.414 Thread 0x00000248470644a0 Thread exited: 0x00000248470644a0
Event: 13181.624 Thread 0x0000024847065ee0 Thread added: 0x0000024846ba6de0
Event: 13186.221 Thread 0x0000024847067920 Thread exited: 0x0000024847067920
Event: 13195.821 Thread 0x000002484706a080 Thread exited: 0x000002484706a080
Event: 13205.361 Thread 0x000002484706a710 Thread exited: 0x000002484706a710
Event: 13456.995 Thread 0x0000024846ba60c0 Thread added: 0x0000024846ba7b00
Event: 13458.417 Thread 0x0000024846ba7b00 Thread added: 0x0000024846ba32d0
Event: 13458.419 Thread 0x0000024846ba7b00 Thread added: 0x0000024846ba8190
Event: 13542.360 Thread 0x0000024846ba8190 Thread exited: 0x0000024846ba8190
Event: 13602.365 Thread 0x0000024846ba32d0 Thread exited: 0x0000024846ba32d0
Event: 13662.373 Thread 0x0000024846ba7b00 Thread exited: 0x0000024846ba7b00
Event: 13689.405 Thread 0x0000024846ba60c0 Thread added: 0x0000024846ba32d0
Event: 13689.896 Thread 0x0000024846ba32d0 Thread added: 0x0000024846ba3960
Event: 13752.379 Thread 0x0000024846ba32d0 Thread exited: 0x0000024846ba32d0
Event: 13812.326 Thread 0x0000024846ba3960 Thread exited: 0x0000024846ba3960


Dynamic libraries:
0x00007ff6d49f0000 - 0x00007ff6d49fe000 	c:\Users\User\.vscode\extensions\redhat.java-1.54.0-win32-x64\jre\21.0.10-win32-x86_64\bin\java.exe
0x00007ffced7b0000 - 0x00007ffced9a8000 	C:\WINDOWS\SYSTEM32\ntdll.dll
0x00007ffceba20000 - 0x00007ffcebae2000 	C:\WINDOWS\System32\KERNEL32.DLL
0x00007ffceb450000 - 0x00007ffceb746000 	C:\WINDOWS\System32\KERNELBASE.dll
0x00007ffce5120000 - 0x00007ffce51b4000 	C:\WINDOWS\SYSTEM32\apphelp.dll
0x00007ffceaf30000 - 0x00007ffceb030000 	C:\WINDOWS\System32\ucrtbase.dll
0x00007ffce7460000 - 0x00007ffce7478000 	c:\Users\User\.vscode\extensions\redhat.java-1.54.0-win32-x64\jre\21.0.10-win32-x86_64\bin\jli.dll
0x00007ffcecfc0000 - 0x00007ffced161000 	C:\WINDOWS\System32\USER32.dll
0x00007ffceb0e0000 - 0x00007ffceb102000 	C:\WINDOWS\System32\win32u.dll
0x00007ffced6a0000 - 0x00007ffced6cb000 	C:\WINDOWS\System32\GDI32.dll
0x00007ffceb7a0000 - 0x00007ffceb8b9000 	C:\WINDOWS\System32\gdi32full.dll
0x00007ffceb2a0000 - 0x00007ffceb33d000 	C:\WINDOWS\System32\msvcp_win.dll
0x00007ffce4940000 - 0x00007ffce495e000 	c:\Users\User\.vscode\extensions\redhat.java-1.54.0-win32-x64\jre\21.0.10-win32-x86_64\bin\VCRUNTIME140.dll
0x00007ffcda580000 - 0x00007ffcda81b000 	C:\WINDOWS\WinSxS\amd64_microsoft.windows.common-controls_6595b64144ccf1df_6.0.19041.6456_none_60b8a6cb71f64256\COMCTL32.dll
0x00007ffced6d0000 - 0x00007ffced76e000 	C:\WINDOWS\System32\msvcrt.dll
0x00007ffcebca0000 - 0x00007ffcebccf000 	C:\WINDOWS\System32\IMM32.DLL
0x00007ffce7450000 - 0x00007ffce745c000 	c:\Users\User\.vscode\extensions\redhat.java-1.54.0-win32-x64\jre\21.0.10-win32-x86_64\bin\vcruntime140_1.dll
0x00007ffce34c0000 - 0x00007ffce354d000 	c:\Users\User\.vscode\extensions\redhat.java-1.54.0-win32-x64\jre\21.0.10-win32-x86_64\bin\msvcp140.dll
0x00007ffca8de0000 - 0x00007ffca9b81000 	c:\Users\User\.vscode\extensions\redhat.java-1.54.0-win32-x64\jre\21.0.10-win32-x86_64\bin\server\jvm.dll
0x00007ffcebb00000 - 0x00007ffcebbb1000 	C:\WINDOWS\System32\ADVAPI32.dll
0x00007ffceb8d0000 - 0x00007ffceb96f000 	C:\WINDOWS\System32\sechost.dll
0x00007ffcec610000 - 0x00007ffcec730000 	C:\WINDOWS\System32\RPCRT4.dll
0x00007ffceb110000 - 0x00007ffceb137000 	C:\WINDOWS\System32\bcrypt.dll
0x00007ffcec5a0000 - 0x00007ffcec60b000 	C:\WINDOWS\System32\WS2_32.dll
0x00007ffceace0000 - 0x00007ffcead2b000 	C:\WINDOWS\SYSTEM32\POWRPROF.dll
0x00007ffcd93d0000 - 0x00007ffcd93f7000 	C:\WINDOWS\SYSTEM32\WINMM.dll
0x00007ffce7a20000 - 0x00007ffce7a2a000 	C:\WINDOWS\SYSTEM32\VERSION.dll
0x00007ffceacc0000 - 0x00007ffceacd2000 	C:\WINDOWS\SYSTEM32\UMPDC.dll
0x00007ffce9770000 - 0x00007ffce9782000 	C:\WINDOWS\SYSTEM32\kernel.appcore.dll
0x00007ffce5c40000 - 0x00007ffce5c4a000 	c:\Users\User\.vscode\extensions\redhat.java-1.54.0-win32-x64\jre\21.0.10-win32-x86_64\bin\jimage.dll
0x00007ffce9430000 - 0x00007ffce9631000 	C:\WINDOWS\SYSTEM32\DBGHELP.DLL
0x00007ffcd6e30000 - 0x00007ffcd6e64000 	C:\WINDOWS\SYSTEM32\dbgcore.DLL
0x00007ffceb3c0000 - 0x00007ffceb442000 	C:\WINDOWS\System32\bcryptPrimitives.dll
0x00007ffce57b0000 - 0x00007ffce57bf000 	c:\Users\User\.vscode\extensions\redhat.java-1.54.0-win32-x64\jre\21.0.10-win32-x86_64\bin\instrument.dll
0x00007ffce4550000 - 0x00007ffce4570000 	c:\Users\User\.vscode\extensions\redhat.java-1.54.0-win32-x64\jre\21.0.10-win32-x86_64\bin\java.dll
0x00007ffcebda0000 - 0x00007ffcec510000 	C:\WINDOWS\System32\SHELL32.dll
0x00007ffce8bb0000 - 0x00007ffce9355000 	C:\WINDOWS\SYSTEM32\windows.storage.dll
0x00007ffcec860000 - 0x00007ffcecbb4000 	C:\WINDOWS\System32\combase.dll
0x00007ffcea880000 - 0x00007ffcea8ab000 	C:\WINDOWS\SYSTEM32\Wldp.dll
0x00007ffcebcd0000 - 0x00007ffcebd9d000 	C:\WINDOWS\System32\OLEAUT32.dll
0x00007ffcecd40000 - 0x00007ffcecded000 	C:\WINDOWS\System32\SHCORE.dll
0x00007ffcecce0000 - 0x00007ffcecd3b000 	C:\WINDOWS\System32\shlwapi.dll
0x00007ffceae60000 - 0x00007ffceae84000 	C:\WINDOWS\SYSTEM32\profapi.dll
0x00007ffce3910000 - 0x00007ffce3928000 	c:\Users\User\.vscode\extensions\redhat.java-1.54.0-win32-x64\jre\21.0.10-win32-x86_64\bin\zip.dll
0x00007ffce5750000 - 0x00007ffce5760000 	C:\Users\User\.vscode\extensions\redhat.java-1.54.0-win32-x64\jre\21.0.10-win32-x86_64\bin\net.dll
0x00007ffce2750000 - 0x00007ffce285a000 	C:\WINDOWS\SYSTEM32\WINHTTP.dll
0x00007ffcea5e0000 - 0x00007ffcea64a000 	C:\WINDOWS\system32\mswsock.dll
0x00007ffce38f0000 - 0x00007ffce3906000 	C:\Users\User\.vscode\extensions\redhat.java-1.54.0-win32-x64\jre\21.0.10-win32-x86_64\bin\nio.dll
0x00007ffce4880000 - 0x00007ffce4890000 	c:\Users\User\.vscode\extensions\redhat.java-1.54.0-win32-x64\jre\21.0.10-win32-x86_64\bin\verify.dll
0x00007ffce3750000 - 0x00007ffce3795000 	C:\Users\User\AppData\Roaming\Code\User\globalStorage\redhat.java\1.54.0\config_win\org.eclipse.equinox.launcher\org.eclipse.equinox.launcher.win32.win32.x86_64_1.3.0.v20260203-2149\eclipse_11919.dll
0x00007ffcec730000 - 0x00007ffcec85b000 	C:\WINDOWS\System32\ole32.dll
0x00007ffce7670000 - 0x00007ffce767a000 	C:\Users\User\.vscode\extensions\redhat.java-1.54.0-win32-x64\jre\21.0.10-win32-x86_64\bin\management.dll
0x00007ffce4440000 - 0x00007ffce444c000 	C:\Users\User\.vscode\extensions\redhat.java-1.54.0-win32-x64\jre\21.0.10-win32-x86_64\bin\management_ext.dll
0x00007ffceb8c0000 - 0x00007ffceb8c8000 	C:\WINDOWS\System32\PSAPI.DLL
0x00007ffcea7e0000 - 0x00007ffcea7f8000 	C:\WINDOWS\SYSTEM32\CRYPTSP.dll
0x00007ffce9f00000 - 0x00007ffce9f38000 	C:\WINDOWS\system32\rsaenh.dll
0x00007ffceade0000 - 0x00007ffceae0e000 	C:\WINDOWS\SYSTEM32\USERENV.dll
0x00007ffcea7d0000 - 0x00007ffcea7dc000 	C:\WINDOWS\SYSTEM32\CRYPTBASE.dll
0x00007ffcea2c0000 - 0x00007ffcea2fb000 	C:\WINDOWS\SYSTEM32\IPHLPAPI.DLL
0x00007ffcec590000 - 0x00007ffcec598000 	C:\WINDOWS\System32\NSI.dll
0x00007ffce3470000 - 0x00007ffce34b9000 	C:\Users\User\AppData\Local\Temp\jna-2645995\jna16304201469191695396.dll
0x00007ffce14f0000 - 0x00007ffce1507000 	C:\WINDOWS\SYSTEM32\dhcpcsvc6.DLL
0x00007ffce2090000 - 0x00007ffce20ad000 	C:\WINDOWS\SYSTEM32\dhcpcsvc.DLL
0x00007ffce3740000 - 0x00007ffce374e000 	C:\Users\User\.vscode\extensions\redhat.java-1.54.0-win32-x64\jre\21.0.10-win32-x86_64\bin\sunmscapi.dll
0x00007ffceb140000 - 0x00007ffceb29d000 	C:\WINDOWS\System32\CRYPT32.dll
0x00007ffcea960000 - 0x00007ffcea987000 	C:\WINDOWS\SYSTEM32\ncrypt.dll
0x00007ffcea920000 - 0x00007ffcea95b000 	C:\WINDOWS\SYSTEM32\NTASN1.dll
0x00007ffcea300000 - 0x00007ffcea3ca000 	C:\WINDOWS\SYSTEM32\DNSAPI.dll
0x0000000063e30000 - 0x0000000063e56000 	C:\Program Files\Bonjour\mdnsNSP.dll
0x00007ffcdad50000 - 0x00007ffcdad5a000 	C:\Windows\System32\rasadhlp.dll
0x00007ffcdb2b0000 - 0x00007ffcdb330000 	C:\WINDOWS\System32\fwpuclnt.dll
0x00007ffce3610000 - 0x00007ffce3619000 	C:\Users\User\.vscode\extensions\redhat.java-1.54.0-win32-x64\jre\21.0.10-win32-x86_64\bin\extnet.dll

JVMTI agents:
c:\Users\User\.vscode\extensions\redhat.java-1.54.0-win32-x64\lombok\lombok-1.18.39-4050.jar path:c:\Users\User\.vscode\extensions\redhat.java-1.54.0-win32-x64\jre\21.0.10-win32-x86_64\bin\instrument.dll, loaded, initialized, instrumentlib options:none

dbghelp: loaded successfully - version: 4.0.5 - missing functions: none
symbol engine: initialized successfully - sym options: 0x614 - pdb path: .;c:\Users\User\.vscode\extensions\redhat.java-1.54.0-win32-x64\jre\21.0.10-win32-x86_64\bin;C:\WINDOWS\SYSTEM32;C:\WINDOWS\WinSxS\amd64_microsoft.windows.common-controls_6595b64144ccf1df_6.0.19041.6456_none_60b8a6cb71f64256;c:\Users\User\.vscode\extensions\redhat.java-1.54.0-win32-x64\jre\21.0.10-win32-x86_64\bin\server;C:\Users\User\AppData\Roaming\Code\User\globalStorage\redhat.java\1.54.0\config_win\org.eclipse.equinox.launcher\org.eclipse.equinox.launcher.win32.win32.x86_64_1.3.0.v20260203-2149;C:\Users\User\AppData\Local\Temp\jna-2645995;C:\Program Files\Bonjour

VM Arguments:
jvm_args: --add-modules=ALL-SYSTEM --add-opens=java.base/java.util=ALL-UNNAMED --add-opens=java.base/java.lang=ALL-UNNAMED --add-opens=java.base/sun.nio.fs=ALL-UNNAMED -Declipse.application=org.eclipse.jdt.ls.core.id1 -Dosgi.bundles.defaultStartLevel=4 -Declipse.product=org.eclipse.jdt.ls.core.product -Djava.import.generatesMetadataFilesAtProjectRoot=false -DDetectVMInstallationsJob.disabled=true -Dfile.encoding=utf8 -XX:+UseParallelGC -XX:GCTimeRatio=4 -XX:AdaptiveSizePolicyWeight=90 -Dsun.zip.disableMemoryMapping=true -Xmx2G -Xms100m -Xlog:disable -javaagent:c:\Users\User\.vscode\extensions\redhat.java-1.54.0-win32-x64\lombok\lombok-1.18.39-4050.jar -XX:+HeapDumpOnOutOfMemoryError -XX:HeapDumpPath=c:\Users\User\AppData\Roaming\Code\User\workspaceStorage\adf884907a3f265539c2f971d354893b\redhat.java -Daether.dependencyCollector.impl=bf 
java_command: c:\Users\User\.vscode\extensions\redhat.java-1.54.0-win32-x64\server\plugins\org.eclipse.equinox.launcher_1.7.100.v20251111-0406.jar -configuration c:\Users\User\AppData\Roaming\Code\User\globalStorage\redhat.java\1.54.0\config_win -data c:\Users\User\AppData\Roaming\Code\User\workspaceStorage\adf884907a3f265539c2f971d354893b\redhat.java\jdt_ws --pipe=\\.\pipe\lsp-e8778cfa209d5efa231b06d321ef7222-sock
java_class_path (initial): c:\Users\User\.vscode\extensions\redhat.java-1.54.0-win32-x64\server\plugins\org.eclipse.equinox.launcher_1.7.100.v20251111-0406.jar
Launcher Type: SUN_STANDARD

[Global flags]
    uintx AdaptiveSizePolicyWeight                 = 90                                        {product} {command line}
     intx CICompilerCount                          = 3                                         {product} {ergonomic}
    uintx GCTimeRatio                              = 4                                         {product} {command line}
     bool HeapDumpOnOutOfMemoryError               = true                                   {manageable} {command line}
    ccstr HeapDumpPath                             = c:\Users\User\AppData\Roaming\Code\User\workspaceStorage\adf884907a3f265539c2f971d354893b\redhat.java         {manageable} {command line}
   size_t InitialHeapSize                          = 104857600                                 {product} {command line}
   size_t MaxHeapSize                              = 2147483648                                {product} {command line}
   size_t MaxNewSize                               = 715653120                                 {product} {ergonomic}
   size_t MinHeapDeltaBytes                        = 524288                                    {product} {ergonomic}
   size_t MinHeapSize                              = 104857600                                 {product} {command line}
   size_t NewSize                                  = 34603008                                  {product} {ergonomic}
    uintx NonNMethodCodeHeapSize                   = 5832780                                {pd product} {ergonomic}
    uintx NonProfiledCodeHeapSize                  = 122912730                              {pd product} {ergonomic}
   size_t OldSize                                  = 70254592                                  {product} {ergonomic}
    uintx ProfiledCodeHeapSize                     = 122912730                              {pd product} {ergonomic}
    uintx ReservedCodeCacheSize                    = 251658240                              {pd product} {ergonomic}
     bool SegmentedCodeCache                       = true                                      {product} {ergonomic}
   size_t SoftMaxHeapSize                          = 2147483648                             {manageable} {ergonomic}
     bool UseCompressedOops                        = true                           {product lp64_product} {ergonomic}
     bool UseLargePagesIndividualAllocation        = false                                  {pd product} {ergonomic}
     bool UseParallelGC                            = true                                      {product} {command line}

Logging:
Log output configuration:
 #0: stdout all=off uptime,level,tags foldmultilines=false
 #1: stderr all=off uptime,level,tags foldmultilines=false

Release file:
JAVA_VERSION="21.0.10" 
MODULES="java.base java.compiler java.datatransfer java.xml java.prefs java.desktop java.instrument java.logging java.management java.security.sasl java.naming java.rmi java.management.rmi java.net.http java.scripting java.security.jgss java.transaction.xa java.sql java.sql.rowset java.xml.crypto java.se java.smartcardio jdk.accessibility jdk.internal.jvmstat jdk.attach jdk.charsets jdk.internal.opt jdk.zipfs jdk.compiler jdk.crypto.ec jdk.crypto.cryptoki jdk.crypto.mscapi jdk.dynalink jdk.internal.ed jdk.editpad jdk.hotspot.agent jdk.httpserver jdk.internal.le jdk.internal.vm.ci jdk.internal.vm.compiler jdk.internal.vm.compiler.management jdk.jartool jdk.javadoc jdk.jcmd jdk.management jdk.management.agent jdk.jconsole jdk.jdeps jdk.jdwp.agent jdk.jdi jdk.jfr jdk.jshell jdk.jsobject jdk.jstatd jdk.localedata jdk.management.jfr jdk.naming.dns jdk.naming.rmi jdk.net jdk.nio.mapmode jdk.random jdk.sctp jdk.security.auth jdk.security.jgss jdk.unsupported jdk.unsupported.desktop jdk.xml.dom" 

Environment Variables:
PATH=C:\Program Files\Common Files\Oracle\Java\javapath;C:\WINDOWS\system32;C:\WINDOWS;C:\WINDOWS\System32\Wbem;C:\WINDOWS\System32\WindowsPowerShell\v1.0\;C:\WINDOWS\System32\OpenSSH\;C:\Program Files (x86)\GtkSharp\2.12\bin;C:\Program Files\Mono\bin;C:\xampp\mysql\bin;C:\ProgramData\chocolatey\bin;C:\Program Files\Git\cmd;C:\flutter\flutter\bin;C:\Program Files\nodejs\;C:\Users\User\AppData\Local\Programs\Python\Launcher\;C:\Users\User\AppData\Local\Microsoft\WindowsApps;C:\Users\User\AppData\Local\Programs\Microsoft VS Code\bin;C:\src\flutter\bin;C:\Program Files\JetBrains\IntelliJ IDEA 2024.3.2.2\bin;;C:\Users\User\AppData\Local\GitHubDesktop\bin;C:\Users\User\AppData\Roaming\npm
USERNAME=User
OS=Windows_NT
PROCESSOR_IDENTIFIER=Intel64 Family 6 Model 142 Stepping 9, GenuineIntel
TMP=C:\Users\User\AppData\Local\Temp
TEMP=C:\Users\User\AppData\Local\Temp




Periodic native trim disabled

---------------  S Y S T E M  ---------------

OS:
 Windows 10 , 64 bit Build 19041 (10.0.19041.5915)
OS uptime: 0 days 20:51 hours

CPU: total 4 (initial active 4) (2 cores per cpu, 2 threads per core) family 6 model 142 stepping 9 microcode 0xb4, cx8, cmov, fxsr, ht, mmx, 3dnowpref, sse, sse2, sse3, ssse3, sse4.1, sse4.2, popcnt, lzcnt, tsc, tscinvbit, avx, avx2, aes, erms, clmul, bmi1, bmi2, adx, fma, vzeroupper, clflush, clflushopt, rdtscp, f16c
Processor Information for processor 0
  Max Mhz: 2400, Current Mhz: 2400, Mhz Limit: 2400
Processor Information for processor 1
  Max Mhz: 2400, Current Mhz: 2400, Mhz Limit: 2400
Processor Information for processor 2
  Max Mhz: 2400, Current Mhz: 2400, Mhz Limit: 2400
Processor Information for processor 3
  Max Mhz: 2400, Current Mhz: 1500, Mhz Limit: 2400

Memory: 4k page, system-wide physical 3962M (433M free)
TotalPageFile size 16250M (AvailPageFile size 254M)
current process WorkingSet (physical memory assigned to process): 8M, peak: 824M
current process commit charge ("private bytes"): 1583M, peak: 1734M

vm_info: OpenJDK 64-Bit Server VM (21.0.10+7-LTS) for windows-amd64 JRE (21.0.10+7-LTS), built on 2026-01-20T00:00:00Z by "admin" with MS VC++ 17.12 (VS2022)

END.
